{"level":"info","msg":"conectado ao PostgreSQL com sucesso","time":"2026-06-24T09:48:57-04:00"}
{"level":"info","msg":"executando migracoes...","time":"2026-06-24T09:48:57-04:00"}
{"level":"info","msg":"migracoes executadas com sucesso","time":"2026-06-24T09:48:57-04:00"}
{"component":"scheduler","level":"info","msg":"scheduler iniciado com intervalo de 5m0s","time":"2026-06-24T09:48:57-04:00"}
{"component":"export-diario","level":"info","msg":"proximo export diario agendado para 2026-06-24 23:59:00 (em 14h10m3s)","time":"2026-06-24T09:48:57-04:00"}
{"level":"info","msg":"servidor iniciado na porta 8080","time":"2026-06-24T09:48:57-04:00"}
{"endereco":1,"level":"error","maquina":"Máquina 1","msg":"falha na leitura: falha ao conectar na porta serial: The system cannot find the file specified.","service":"monitor","time":"2026-06-24T09:48:57-04:00"}
{"level":"info","msg":"leitura concluida: 0 sucessos, 1 falhas","service":"monitor","time":"2026-06-24T09:48:57-04:00"}
{"handler":"controle","level":"error","msg":"erro ao ler status controle: falha ao ler status ON/OFF: falha ao conectar na porta serial: The system cannot find the file specified.","time":"2026-06-24T09:48:57-04:00"}
{"handler":"controle","level":"error","msg":"erro ao ler status controle: falha ao ler status ON/OFF: falha ao conectar na porta serial: The system cannot find the file specified.","time":"2026-06-24T09:49:02-04:00"}
{"handler":"controle","level":"error","msg":"erro ao ler status controle: falha ao ler status ON/OFF: falha ao conectar na porta serial: The system cannot find the file specified.","time":"2026-06-24T09:49:07-04:00"}
{"handler":"controle","level":"error","msg":"erro ao ler status controle: falha ao ler status ON/OFF: falha ao conectar na porta serial: The system cannot find the file specified.","time":"2026-06-24T09:49:12-04:00"}
{"handler":"controle","level":"error","msg":"erro ao ler status controle: falha ao ler status ON/OFF: falha ao conectar na porta serial: The system cannot find the file specified.","time":"2026-06-24T09:49:17-04:00"}
{"handler":"controle","level":"error","msg":"erro ao ler status controle: falha ao ler status ON/OFF: falha ao conectar na porta serial: The system cannot find the file specified.","time":"2026-06-24T09:49:22-04:00"}
{"handler":"controle","level":"error","msg":"erro ao ler status controle: falha ao ler status ON/OFF: falha ao conectar na porta serial: The system cannot find the file specified.","time":"2026-06-24T09:49:27-04:00"}
{"handler":"controle","level":"error","msg":"erro ao ler status controle: falha ao ler status ON/OFF: falha ao conectar na porta serial: The system cannot find the file specified.","time":"2026-06-24T09:49:32-04:00"}
{"handler":"controle","level":"error","msg":"erro ao ler status controle: falha ao ler status ON/OFF: falha ao conectar na porta serial: The system cannot find the file specified.","time":"2026-06-24T09:49:37-04:00"}
{"handler":"controle","level":"error","msg":"erro ao ler status controle: falha ao ler status ON/OFF: falha ao conectar na porta serial: The system cannot find the file specified.","time":"2026-06-24T09:49:42-04:00"}
{"handler":"controle","level":"error","msg":"erro ao ler status controle: falha ao ler status ON/OFF: falha ao conectar na porta serial: The system cannot find the file specified.","time":"2026-06-24T09:49:47-04:00"}
{"handler":"controle","level":"error","msg":"erro ao ler status controle: falha ao ler status ON/OFF: falha ao conectar na porta serial: The system cannot find the file specified.","time":"2026-06-24T09:49:52-04:00"}
{"handler":"controle","level":"error","msg":"erro ao ler status controle: falha ao ler status ON/OFF: falha ao conectar na porta serial: The system cannot find the file specified.","time":"2026-06-24T09:49:57-04:00"}
{"handler":"controle","level":"error","msg":"erro ao ler status controle: falha ao ler status ON/OFF: falha ao conectar na porta serial: The system cannot find the file specified.","time":"2026-06-24T09:50:02-04:00"}
{"handler":"controle","level":"error","msg":"erro ao ler status controle: falha ao ler status ON/OFF: falha ao conectar na porta serial: The system cannot find the file specified.","time":"2026-06-24T09:50:07-04:00"}
{"handler":"controle","level":"error","msg":"erro ao ler status controle: falha ao ler status ON/OFF: falha ao conectar na porta serial: The system cannot find the file specified.","time":"2026-06-24T09:50:12-04:00"}
{"handler":"controle","level":"error","msg":"erro ao ler status controle: falha ao ler status ON/OFF: falha ao conectar na porta serial: The system cannot find the file specified.","time":"2026-06-24T09:50:17-04:00"}
{"handler":"controle","level":"error","msg":"erro ao ler status controle: falha ao ler status ON/OFF: falha ao conectar na porta serial: The system cannot find the file specified.","time":"2026-06-24T09:50:22-04:00"}
{"handler":"controle","level":"error","msg":"erro ao ler status controle: falha ao ler status ON/OFF: falha ao conectar na porta serial: The system cannot find the file specified.","time":"2026-06-24T09:50:27-04:00"}
{"handler":"controle","level":"error","msg":"erro ao ler status controle: falha ao ler status ON/OFF: falha ao conectar na porta serial: The system cannot find the file specified.","time":"2026-06-24T09:50:32-04:00"}
{"handler":"controle","level":"error","msg":"erro ao ler status controle: falha ao ler status ON/OFF: falha ao conectar na porta serial: The system cannot find the file specified.","time":"2026-06-24T09:50:37-04:00"}
{"handler":"controle","level":"error","msg":"erro ao ler status controle: falha ao ler status ON/OFF: falha ao conectar na porta serial: The system cannot find the file specified.","time":"2026-06-24T09:50:42-04:00"}
{"handler":"controle","level":"error","msg":"erro ao ler status controle: falha ao ler status ON/OFF: falha ao conectar na porta serial: The system cannot find the file specified.","time":"2026-06-24T09:50:47-04:00"}
{"handler":"controle","level":"error","msg":"erro ao ler status controle: falha ao ler status ON/OFF: falha ao conectar na porta serial: The system cannot find the file specified.","time":"2026-06-24T09:50:52-04:00"}
{"handler":"controle","level":"error","msg":"erro ao ler status controle: falha ao ler status ON/OFF: falha ao conectar na porta serial: The system cannot find the file specified.","time":"2026-06-24T09:50:57-04:00"}
{"handler":"controle","level":"error","msg":"erro ao ler status controle: falha ao ler status ON/OFF: falha ao conectar na porta serial: The system cannot find the file specified.","time":"2026-06-24T09:51:02-04:00"}
{"handler":"controle","level":"error","msg":"erro ao ler status controle: falha ao ler status ON/OFF: falha ao conectar na porta serial: The system cannot find the file specified.","time":"2026-06-24T09:51:07-04:00"}
{"handler":"controle","level":"error","msg":"erro ao ler status controle: falha ao ler status ON/OFF: falha ao conectar na porta serial: The system cannot find the file specified.","time":"2026-06-24T09:51:12-04:00"}
{"handler":"controle","level":"error","msg":"erro ao ler status controle: falha ao ler status ON/OFF: falha ao conectar na porta serial: The system cannot find the file specified.","time":"2026-06-24T09:51:17-04:00"}
{"handler":"controle","level":"error","msg":"erro ao ler status controle: falha ao ler status ON/OFF: falha ao conectar na porta serial: The system cannot find the file specified.","time":"2026-06-24T09:51:22-04:00"}
{"handler":"controle","level":"error","msg":"erro ao ler status controle: falha ao ler status ON/OFF: falha ao conectar na porta serial: The system cannot find the file specified.","time":"2026-06-24T09:51:27-04:00"}
{"handler":"controle","level":"error","msg":"erro ao ler status controle: falha ao ler status ON/OFF: falha ao conectar na porta serial: The system cannot find the file specified.","time":"2026-06-24T09:51:32-04:00"}
{"handler":"controle","level":"error","msg":"erro ao ler status controle: falha ao ler status ON/OFF: falha ao conectar na porta serial: The system cannot find the file specified.","time":"2026-06-24T09:51:37-04:00"}
{"handler":"controle","level":"error","msg":"erro ao ler status controle: falha ao ler status ON/OFF: falha ao conectar na porta serial: The system cannot find the file specified.","time":"2026-06-24T09:51:42-04:00"}
{"handler":"controle","level":"error","msg":"erro ao ler status controle: falha ao ler status ON/OFF: falha ao conectar na porta serial: The system cannot find the file specified.","time":"2026-06-24T09:51:47-04:00"}
{"handler":"controle","level":"error","msg":"erro ao ler status controle: falha ao ler status ON/OFF: falha ao conectar na porta serial: The system cannot find the file specified.","time":"2026-06-24T09:51:52-04:00"}
{"handler":"controle","level":"error","msg":"erro ao ler status controle: falha ao ler status ON/OFF: falha ao conectar na porta serial: The system cannot find the file specified.","time":"2026-06-24T09:51:57-04:00"}
{"handler":"controle","level":"error","msg":"erro ao ler status controle: falha ao ler status ON/OFF: falha ao conectar na porta serial: The system cannot find the file specified.","time":"2026-06-24T09:52:02-04:00"}
{"handler":"controle","level":"error","msg":"erro ao ler status controle: falha ao ler status ON/OFF: falha ao conectar na porta serial: The system cannot find the file specified.","time":"2026-06-24T09:52:07-04:00"}
{"handler":"controle","level":"error","msg":"erro ao ler status controle: falha ao ler status ON/OFF: falha ao conectar na porta serial: The system cannot find the file specified.","time":"2026-06-24T09:52:12-04:00"}
{"handler":"controle","level":"error","msg":"erro ao ler status controle: falha ao ler status ON/OFF: falha ao conectar na porta serial: The system cannot find the file specified.","time":"2026-06-24T09:52:17-04:00"}
{"handler":"controle","level":"error","msg":"erro ao ler status controle: falha ao ler status ON/OFF: falha ao conectar na porta serial: The system cannot find the file specified.","time":"2026-06-24T09:52:22-04:00"}
{"handler":"controle","level":"error","msg":"erro ao ler status controle: falha ao ler status ON/OFF: falha ao conectar na porta serial: The system cannot find the file specified.","time":"2026-06-24T09:52:27-04:00"}
{"handler":"controle","level":"error","msg":"erro ao ler status controle: falha ao ler status ON/OFF: falha ao conectar na porta serial: The system cannot find the file specified.","time":"2026-06-24T09:52:32-04:00"}
{"handler":"controle","level":"error","msg":"erro ao ler status controle: falha ao ler status ON/OFF: falha ao conectar na porta serial: The system cannot find the file specified.","time":"2026-06-24T09:52:37-04:00"}
{"handler":"controle","level":"error","msg":"erro ao ler status controle: falha ao ler status ON/OFF: falha ao conectar na porta serial: The system cannot find the file specified.","time":"2026-06-24T09:52:42-04:00"}
{"handler":"controle","level":"error","msg":"erro ao ler status controle: falha ao ler status ON/OFF: falha ao conectar na porta serial: The system cannot find the file specified.","time":"2026-06-24T09:52:47-04:00"}
{"handler":"controle","level":"error","msg":"erro ao ler status controle: falha ao ler status ON/OFF: falha ao conectar na porta serial: The system cannot find the file specified.","time":"2026-06-24T09:52:52-04:00"}
{"handler":"controle","level":"error","msg":"erro ao ler status controle: falha ao ler status ON/OFF: falha ao conectar na porta serial: The system cannot find the file specified.","time":"2026-06-24T09:52:57-04:00"}
{"handler":"controle","level":"error","msg":"erro ao ler status controle: falha ao ler status ON/OFF: falha ao conectar na porta serial: The system cannot find the file specified.","time":"2026-06-24T09:53:02-04:00"}
{"handler":"controle","level":"error","msg":"erro ao ler status controle: falha ao ler status ON/OFF: falha ao conectar na porta serial: The system cannot find the file specified.","time":"2026-06-24T09:53:07-04:00"}
{"handler":"controle","level":"error","msg":"erro ao ler status controle: falha ao ler status ON/OFF: falha ao conectar na porta serial: The system cannot find the file specified.","time":"2026-06-24T09:53:12-04:00"}
{"handler":"controle","level":"error","msg":"erro ao ler status controle: falha ao ler status ON/OFF: falha ao conectar na porta serial: The system cannot find the file specified.","time":"2026-06-24T09:53:17-04:00"}
{"handler":"controle","level":"error","msg":"erro ao ler status controle: falha ao ler status ON/OFF: falha ao conectar na porta serial: The system cannot find the file specified.","time":"2026-06-24T09:53:22-04:00"}
{"handler":"controle","level":"error","msg":"erro ao ler status controle: falha ao ler status ON/OFF: falha ao conectar na porta serial: The system cannot find the file specified.","time":"2026-06-24T09:53:27-04:00"}
{"handler":"controle","level":"error","msg":"erro ao ler status controle: falha ao ler status ON/OFF: falha ao conectar na porta serial: The system cannot find the file specified.","time":"2026-06-24T09:53:32-04:00"}
{"handler":"controle","level":"error","msg":"erro ao ler status controle: falha ao ler status ON/OFF: falha ao conectar na porta serial: The system cannot find the file specified.","time":"2026-06-24T09:53:37-04:00"}
{"handler":"controle","level":"error","msg":"erro ao ler status controle: falha ao ler status ON/OFF: falha ao conectar na porta serial: The system cannot find the file specified.","time":"2026-06-24T09:53:42-04:00"}
{"handler":"controle","level":"error","msg":"erro ao ler status controle: falha ao ler status ON/OFF: falha ao conectar na porta serial: The system cannot find the file specified.","time":"2026-06-24T09:53:47-04:00"}
{"handler":"controle","level":"error","msg":"erro ao ler status controle: falha ao ler status ON/OFF: falha ao conectar na porta serial: The system cannot find the file specified.","time":"2026-06-24T09:53:52-04:00"}
{"endereco":1,"level":"error","maquina":"Máquina 1","msg":"falha na leitura: falha ao conectar na porta serial: The system cannot find the file specified.","service":"monitor","time":"2026-06-24T09:53:57-04:00"}
{"level":"info","msg":"leitura concluida: 0 sucessos, 1 falhas","service":"monitor","time":"2026-06-24T09:53:57-04:00"}
{"handler":"controle","level":"error","msg":"erro ao ler status controle: falha ao ler status ON/OFF: falha ao conectar na porta serial: The system cannot find the file specified.","time":"2026-06-24T09:53:57-04:00"}
{"handler":"controle","level":"error","msg":"erro ao ler status controle: falha ao ler status ON/OFF: falha ao conectar na porta serial: The system cannot find the file specified.","time":"2026-06-24T09:54:02-04:00"}
{"handler":"controle","level":"error","msg":"erro ao ler status controle: falha ao ler status ON/OFF: falha ao conectar na porta serial: The system cannot find the file specified.","time":"2026-06-24T09:54:07-04:00"}
{"handler":"controle","level":"error","msg":"erro ao ler status controle: falha ao ler status ON/OFF: falha ao conectar na porta serial: The system cannot find the file specified.","time":"2026-06-24T09:54:12-04:00"}
{"handler":"controle","level":"error","msg":"erro ao ler status controle: falha ao ler status ON/OFF: falha ao conectar na porta serial: The system cannot find the file specified.","time":"2026-06-24T09:54:17-04:00"}
{"handler":"controle","level":"error","msg":"erro ao ler status controle: falha ao ler status ON/OFF: falha ao conectar na porta serial: The system cannot find the file specified.","time":"2026-06-24T09:54:22-04:00"}
{"handler":"controle","level":"error","msg":"erro ao ler status controle: falha ao ler status ON/OFF: falha ao conectar na porta serial: The system cannot find the file specified.","time":"2026-06-24T09:54:27-04:00"}
{"handler":"controle","level":"error","msg":"erro ao ler status controle: falha ao ler status ON/OFF: falha ao conectar na porta serial: The system cannot find the file specified.","time":"2026-06-24T09:54:32-04:00"}
{"handler":"controle","level":"error","msg":"erro ao ler status controle: falha ao ler status ON/OFF: falha ao conectar na porta serial: The system cannot find the file specified.","time":"2026-06-24T09:54:37-04:00"}
{"handler":"controle","level":"error","msg":"erro ao ler status controle: falha ao ler status ON/OFF: falha ao conectar na porta serial: The system cannot find the file specified.","time":"2026-06-24T09:54:42-04:00"}
{"handler":"controle","level":"error","msg":"erro ao ler status controle: falha ao ler status ON/OFF: falha ao conectar na porta serial: The system cannot find the file specified.","time":"2026-06-24T09:54:47-04:00"}
{"handler":"controle","level":"error","msg":"erro ao ler status controle: falha ao ler status ON/OFF: falha ao conectar na porta serial: The system cannot find the file specified.","time":"2026-06-24T09:54:52-04:00"}
{"handler":"controle","level":"error","msg":"erro ao ler status controle: falha ao ler status ON/OFF: falha ao conectar na porta serial: The system cannot find the file specified.","time":"2026-06-24T09:54:57-04:00"}
{"handler":"controle","level":"error","msg":"erro ao ler status controle: falha ao ler status ON/OFF: falha ao conectar na porta serial: The system cannot find the file specified.","time":"2026-06-24T09:55:02-04:00"}
{"handler":"controle","level":"error","msg":"erro ao ler status controle: falha ao ler status ON/OFF: falha ao conectar na porta serial: The system cannot find the file specified.","time":"2026-06-24T09:55:07-04:00"}
{"handler":"controle","level":"error","msg":"erro ao ler status controle: falha ao ler status ON/OFF: falha ao conectar na porta serial: The system cannot find the file specified.","time":"2026-06-24T09:55:12-04:00"}
{"handler":"controle","level":"error","msg":"erro ao ler status controle: falha ao ler status ON/OFF: falha ao conectar na porta serial: The system cannot find the file specified.","time":"2026-06-24T09:55:17-04:00"}
{"handler":"controle","level":"error","msg":"erro ao ler status controle: falha ao ler status ON/OFF: falha ao conectar na porta serial: The system cannot find the file specified.","time":"2026-06-24T09:55:22-04:00"}
{"handler":"controle","level":"error","msg":"erro ao ler status controle: falha ao ler status ON/OFF: falha ao conectar na porta serial: The system cannot find the file specified.","time":"2026-06-24T09:55:27-04:00"}
{"handler":"controle","level":"error","msg":"erro ao ler status controle: falha ao ler status ON/OFF: falha ao conectar na porta serial: The system cannot find the file specified.","time":"2026-06-24T09:55:32-04:00"}
{"handler":"controle","level":"error","msg":"erro ao ler status controle: falha ao ler status ON/OFF: falha ao conectar na porta serial: The system cannot find the file specified.","time":"2026-06-24T09:55:37-04:00"}
{"handler":"controle","level":"error","msg":"erro ao ler status controle: falha ao ler status ON/OFF: falha ao conectar na porta serial: The system cannot find the file specified.","time":"2026-06-24T09:55:42-04:00"}
{"handler":"controle","level":"error","msg":"erro ao ler status controle: falha ao ler status ON/OFF: falha ao conectar na porta serial: The system cannot find the file specified.","time":"2026-06-24T09:55:47-04:00"}
{"handler":"controle","level":"error","msg":"erro ao ler status controle: falha ao ler status ON/OFF: falha ao conectar na porta serial: The system cannot find the file specified.","time":"2026-06-24T09:55:52-04:00"}
{"handler":"controle","level":"error","msg":"erro ao ler status controle: falha ao ler status ON/OFF: falha ao conectar na porta serial: The system cannot find the file specified.","time":"2026-06-24T09:55:57-04:00"}
{"handler":"controle","level":"error","msg":"erro ao ler status controle: falha ao ler status ON/OFF: falha ao conectar na porta serial: The system cannot find the file specified.","time":"2026-06-24T09:56:02-04:00"}
{"handler":"controle","level":"error","msg":"erro ao ler status controle: falha ao ler status ON/OFF: falha ao conectar na porta serial: The system cannot find the file specified.","time":"2026-06-24T09:56:07-04:00"}
{"handler":"controle","level":"error","msg":"erro ao ler status controle: falha ao ler status ON/OFF: falha ao conectar na porta serial: The system cannot find the file specified.","time":"2026-06-24T09:56:12-04:00"}
{"handler":"controle","level":"error","msg":"erro ao ler status controle: falha ao ler status ON/OFF: falha ao conectar na porta serial: The system cannot find the file specified.","time":"2026-06-24T09:56:17-04:00"}
{"handler":"controle","level":"error","msg":"erro ao ler status controle: falha ao ler status ON/OFF: falha ao conectar na porta serial: The system cannot find the file specified.","time":"2026-06-24T09:56:22-04:00"}
{"handler":"controle","level":"error","msg":"erro ao ler status controle: falha ao ler status ON/OFF: falha ao conectar na porta serial: The system cannot find the file specified.","time":"2026-06-24T09:56:27-04:00"}
{"handler":"controle","level":"error","msg":"erro ao ler status controle: falha ao ler status ON/OFF: falha ao conectar na porta serial: The system cannot find the file specified.","time":"2026-06-24T09:56:32-04:00"}
{"handler":"controle","level":"error","msg":"erro ao ler status controle: falha ao ler status ON/OFF: falha ao conectar na porta serial: The system cannot find the file specified.","time":"2026-06-24T09:56:37-04:00"}
{"handler":"controle","level":"error","msg":"erro ao ler status controle: falha ao ler status ON/OFF: falha ao conectar na porta serial: The system cannot find the file specified.","time":"2026-06-24T09:56:42-04:00"}
{"handler":"controle","level":"error","msg":"erro ao ler status controle: falha ao ler status ON/OFF: falha ao conectar na porta serial: The system cannot find the file specified.","time":"2026-06-24T09:56:47-04:00"}
{"handler":"controle","level":"error","msg":"erro ao ler status controle: falha ao ler status ON/OFF: falha ao conectar na porta serial: The system cannot find the file specified.","time":"2026-06-24T09:56:52-04:00"}
{"handler":"controle","level":"error","msg":"erro ao ler status controle: falha ao ler status ON/OFF: falha ao conectar na porta serial: The system cannot find the file specified.","time":"2026-06-24T09:56:57-04:00"}
{"handler":"controle","level":"error","msg":"erro ao ler status controle: falha ao ler status ON/OFF: falha ao conectar na porta serial: The system cannot find the file specified.","time":"2026-06-24T09:57:02-04:00"}
{"handler":"controle","level":"error","msg":"erro ao ler status controle: falha ao ler status ON/OFF: falha ao conectar na porta serial: The system cannot find the file specified.","time":"2026-06-24T09:57:07-04:00"}
{"handler":"controle","level":"error","msg":"erro ao ler status controle: falha ao ler status ON/OFF: falha ao conectar na porta serial: The system cannot find the file specified.","time":"2026-06-24T09:57:12-04:00"}
{"handler":"controle","level":"error","msg":"erro ao ler status controle: falha ao ler status ON/OFF: falha ao conectar na porta serial: The system cannot find the file specified.","time":"2026-06-24T09:57:17-04:00"}
{"handler":"controle","level":"error","msg":"erro ao ler status controle: falha ao ler status ON/OFF: falha ao conectar na porta serial: The system cannot find the file specified.","time":"2026-06-24T09:57:22-04:00"}
{"handler":"controle","level":"error","msg":"erro ao ler status controle: falha ao ler status ON/OFF: falha ao conectar na porta serial: The system cannot find the file specified.","time":"2026-06-24T09:57:27-04:00"}
{"handler":"controle","level":"error","msg":"erro ao ler status controle: falha ao ler status ON/OFF: falha ao conectar na porta serial: The system cannot find the file specified.","time":"2026-06-24T09:57:32-04:00"}
{"handler":"controle","level":"error","msg":"erro ao ler status controle: falha ao ler status ON/OFF: falha ao conectar na porta serial: The system cannot find the file specified.","time":"2026-06-24T09:57:37-04:00"}
{"handler":"controle","level":"error","msg":"erro ao ler status controle: falha ao ler status ON/OFF: falha ao conectar na porta serial: The system cannot find the file specified.","time":"2026-06-24T09:57:42-04:00"}
{"handler":"controle","level":"error","msg":"erro ao ler status controle: falha ao ler status ON/OFF: falha ao conectar na porta serial: The system cannot find the file specified.","time":"2026-06-24T09:57:47-04:00"}
{"handler":"controle","level":"error","msg":"erro ao ler status controle: falha ao ler status ON/OFF: falha ao conectar na porta serial: The system cannot find the file specified.","time":"2026-06-24T09:57:52-04:00"}
{"handler":"controle","level":"error","msg":"erro ao ler status controle: falha ao ler status ON/OFF: falha ao conectar na porta serial: The system cannot find the file specified.","time":"2026-06-24T09:57:57-04:00"}
{"handler":"controle","level":"error","msg":"erro ao ler status controle: falha ao ler status ON/OFF: falha ao conectar na porta serial: The system cannot find the file specified.","time":"2026-06-24T09:58:02-04:00"}
{"handler":"controle","level":"error","msg":"erro ao ler status controle: falha ao ler status ON/OFF: falha ao conectar na porta serial: The system cannot find the file specified.","time":"2026-06-24T09:58:02-04:00"}
{"handler":"controle","level":"error","msg":"erro ao ler status controle: falha ao ler status ON/OFF: falha ao conectar na porta serial: The system cannot find the file specified.","time":"2026-06-24T09:58:07-04:00"}
{"handler":"controle","level":"error","msg":"erro ao ler status controle: falha ao ler status ON/OFF: falha ao conectar na porta serial: The system cannot find the file specified.","time":"2026-06-24T09:58:12-04:00"}
