[GIN] 2026/06/24 - 09:48:57 | 200 |      1.0927ms |             ::1 | GET      "/api/cache"
[GIN] 2026/06/24 - 09:48:57 | 502 |      2.1422ms |             ::1 | GET      "/api/maquinas/1/status-controle"
[GIN] 2026/06/24 - 09:49:02 | 200 |            0s |             ::1 | GET      "/api/cache"
[GIN] 2026/06/24 - 09:49:02 | 502 |      1.5486ms |             ::1 | GET      "/api/maquinas/1/status-controle"
[GIN] 2026/06/24 - 09:49:07 | 200 |            0s |             ::1 | GET      "/api/cache"
[GIN] 2026/06/24 - 09:49:07 | 502 |      2.6255ms |             ::1 | GET      "/api/maquinas/1/status-controle"
[GIN] 2026/06/24 - 09:49:12 | 200 |            0s |             ::1 | GET      "/api/cache"
[GIN] 2026/06/24 - 09:49:12 | 502 |      3.8908ms |             ::1 | GET      "/api/maquinas/1/status-controle"
[GIN] 2026/06/24 - 09:49:17 | 200 |            0s |             ::1 | GET      "/api/cache"
[GIN] 2026/06/24 - 09:49:17 | 502 |      2.7129ms |             ::1 | GET      "/api/maquinas/1/status-controle"
[GIN] 2026/06/24 - 09:49:22 | 200 |            0s |             ::1 | GET      "/api/cache"
[GIN] 2026/06/24 - 09:49:22 | 502 |      2.1203ms |             ::1 | GET      "/api/maquinas/1/status-controle"
[GIN] 2026/06/24 - 09:49:27 | 200 |            0s |             ::1 | GET      "/api/cache"
[GIN] 2026/06/24 - 09:49:27 | 502 |      1.9543ms |             ::1 | GET      "/api/maquinas/1/status-controle"
[GIN] 2026/06/24 - 09:49:32 | 200 |            0s |             ::1 | GET      "/api/cache"
[GIN] 2026/06/24 - 09:49:32 | 502 |      1.8031ms |             ::1 | GET      "/api/maquinas/1/status-controle"
[GIN] 2026/06/24 - 09:49:37 | 200 |            0s |             ::1 | GET      "/api/cache"
[GIN] 2026/06/24 - 09:49:37 | 502 |      1.5485ms |             ::1 | GET      "/api/maquinas/1/status-controle"
[GIN] 2026/06/24 - 09:49:42 | 200 |            0s |             ::1 | GET      "/api/cache"
[GIN] 2026/06/24 - 09:49:42 | 502 |      1.6043ms |             ::1 | GET      "/api/maquinas/1/status-controle"
[GIN] 2026/06/24 - 09:49:47 | 200 |            0s |             ::1 | GET      "/api/cache"
[GIN] 2026/06/24 - 09:49:47 | 502 |      2.1718ms |             ::1 | GET      "/api/maquinas/1/status-controle"
[GIN] 2026/06/24 - 09:49:52 | 200 |            0s |             ::1 | GET      "/api/cache"
[GIN] 2026/06/24 - 09:49:52 | 502 |      4.1609ms |             ::1 | GET      "/api/maquinas/1/status-controle"
[GIN] 2026/06/24 - 09:49:57 | 200 |            0s |             ::1 | GET      "/api/cache"
[GIN] 2026/06/24 - 09:49:57 | 502 |      1.9404ms |             ::1 | GET      "/api/maquinas/1/status-controle"
[GIN] 2026/06/24 - 09:50:02 | 200 |            0s |             ::1 | GET      "/api/cache"
[GIN] 2026/06/24 - 09:50:02 | 502 |      2.8354ms |             ::1 | GET      "/api/maquinas/1/status-controle"
[GIN] 2026/06/24 - 09:50:07 | 200 |            0s |             ::1 | GET      "/api/cache"
[GIN] 2026/06/24 - 09:50:07 | 502 |      1.5571ms |             ::1 | GET      "/api/maquinas/1/status-controle"
[GIN] 2026/06/24 - 09:50:12 | 200 |            0s |             ::1 | GET      "/api/cache"
[GIN] 2026/06/24 - 09:50:12 | 502 |      1.4373ms |             ::1 | GET      "/api/maquinas/1/status-controle"
[GIN] 2026/06/24 - 09:50:17 | 200 |            0s |             ::1 | GET      "/api/cache"
[GIN] 2026/06/24 - 09:50:17 | 502 |      4.2716ms |             ::1 | GET      "/api/maquinas/1/status-controle"
[GIN] 2026/06/24 - 09:50:22 | 200 |            0s |             ::1 | GET      "/api/cache"
[GIN] 2026/06/24 - 09:50:22 | 502 |      2.1517ms |             ::1 | GET      "/api/maquinas/1/status-controle"
[GIN] 2026/06/24 - 09:50:27 | 200 |            0s |             ::1 | GET      "/api/cache"
[GIN] 2026/06/24 - 09:50:27 | 502 |      1.5903ms |             ::1 | GET      "/api/maquinas/1/status-controle"
[GIN] 2026/06/24 - 09:50:32 | 200 |            0s |             ::1 | GET      "/api/cache"
[GIN] 2026/06/24 - 09:50:32 | 502 |      2.3709ms |             ::1 | GET      "/api/maquinas/1/status-controle"
[GIN] 2026/06/24 - 09:50:37 | 200 |            0s |             ::1 | GET      "/api/cache"
[GIN] 2026/06/24 - 09:50:37 | 502 |      3.5277ms |             ::1 | GET      "/api/maquinas/1/status-controle"
[GIN] 2026/06/24 - 09:50:42 | 200 |            0s |             ::1 | GET      "/api/cache"
[GIN] 2026/06/24 - 09:50:42 | 502 |      1.6736ms |             ::1 | GET      "/api/maquinas/1/status-controle"
[GIN] 2026/06/24 - 09:50:47 | 200 |            0s |             ::1 | GET      "/api/cache"
[GIN] 2026/06/24 - 09:50:47 | 502 |      2.1857ms |             ::1 | GET      "/api/maquinas/1/status-controle"
[GIN] 2026/06/24 - 09:50:52 | 200 |       354.4µs |             ::1 | GET      "/api/cache"
[GIN] 2026/06/24 - 09:50:52 | 502 |      3.7026ms |             ::1 | GET      "/api/maquinas/1/status-controle"
[GIN] 2026/06/24 - 09:50:57 | 200 |      2.1959ms |             ::1 | GET      "/api/cache"
[GIN] 2026/06/24 - 09:50:57 | 502 |       5.249ms |             ::1 | GET      "/api/maquinas/1/status-controle"
[GIN] 2026/06/24 - 09:51:02 | 200 |            0s |             ::1 | GET      "/api/cache"
[GIN] 2026/06/24 - 09:51:02 | 502 |      6.9957ms |             ::1 | GET      "/api/maquinas/1/status-controle"
[GIN] 2026/06/24 - 09:51:07 | 200 |            0s |             ::1 | GET      "/api/cache"
[GIN] 2026/06/24 - 09:51:07 | 502 |      1.3602ms |             ::1 | GET      "/api/maquinas/1/status-controle"
[GIN] 2026/06/24 - 09:51:12 | 200 |            0s |             ::1 | GET      "/api/cache"
[GIN] 2026/06/24 - 09:51:12 | 502 |      3.9357ms |             ::1 | GET      "/api/maquinas/1/status-controle"
[GIN] 2026/06/24 - 09:51:17 | 200 |            0s |             ::1 | GET      "/api/cache"
[GIN] 2026/06/24 - 09:51:17 | 502 |        1.56ms |             ::1 | GET      "/api/maquinas/1/status-controle"
[GIN] 2026/06/24 - 09:51:22 | 200 |            0s |             ::1 | GET      "/api/cache"
[GIN] 2026/06/24 - 09:51:22 | 502 |      1.5359ms |             ::1 | GET      "/api/maquinas/1/status-controle"
[GIN] 2026/06/24 - 09:51:27 | 200 |            0s |             ::1 | GET      "/api/cache"
[GIN] 2026/06/24 - 09:51:27 | 502 |      2.3315ms |             ::1 | GET      "/api/maquinas/1/status-controle"
[GIN] 2026/06/24 - 09:51:32 | 200 |            0s |             ::1 | GET      "/api/cache"
[GIN] 2026/06/24 - 09:51:32 | 502 |      2.9231ms |             ::1 | GET      "/api/maquinas/1/status-controle"
[GIN] 2026/06/24 - 09:51:37 | 200 |            0s |             ::1 | GET      "/api/cache"
[GIN] 2026/06/24 - 09:51:37 | 502 |      1.7679ms |             ::1 | GET      "/api/maquinas/1/status-controle"
[GIN] 2026/06/24 - 09:51:42 | 200 |            0s |             ::1 | GET      "/api/cache"
[GIN] 2026/06/24 - 09:51:42 | 502 |      1.5496ms |             ::1 | GET      "/api/maquinas/1/status-controle"
[GIN] 2026/06/24 - 09:51:47 | 200 |            0s |             ::1 | GET      "/api/cache"
[GIN] 2026/06/24 - 09:51:47 | 502 |      1.9196ms |             ::1 | GET      "/api/maquinas/1/status-controle"
[GIN] 2026/06/24 - 09:51:52 | 200 |            0s |             ::1 | GET      "/api/cache"
[GIN] 2026/06/24 - 09:51:52 | 502 |      2.9387ms |             ::1 | GET      "/api/maquinas/1/status-controle"
[GIN] 2026/06/24 - 09:51:57 | 200 |            0s |             ::1 | GET      "/api/cache"
[GIN] 2026/06/24 - 09:51:57 | 502 |      1.7814ms |             ::1 | GET      "/api/maquinas/1/status-controle"
[GIN] 2026/06/24 - 09:52:02 | 200 |            0s |             ::1 | GET      "/api/cache"
[GIN] 2026/06/24 - 09:52:02 | 502 |      2.8174ms |             ::1 | GET      "/api/maquinas/1/status-controle"
[GIN] 2026/06/24 - 09:52:07 | 200 |            0s |             ::1 | GET      "/api/cache"
[GIN] 2026/06/24 - 09:52:07 | 502 |      1.5709ms |             ::1 | GET      "/api/maquinas/1/status-controle"
[GIN] 2026/06/24 - 09:52:12 | 200 |            0s |             ::1 | GET      "/api/cache"
[GIN] 2026/06/24 - 09:52:12 | 502 |       2.544ms |             ::1 | GET      "/api/maquinas/1/status-controle"
[GIN] 2026/06/24 - 09:52:17 | 200 |       756.1µs |             ::1 | GET      "/api/cache"
[GIN] 2026/06/24 - 09:52:17 | 502 |      2.2621ms |             ::1 | GET      "/api/maquinas/1/status-controle"
[GIN] 2026/06/24 - 09:52:22 | 200 |            0s |             ::1 | GET      "/api/cache"
[GIN] 2026/06/24 - 09:52:22 | 502 |      3.8144ms |             ::1 | GET      "/api/maquinas/1/status-controle"
[GIN] 2026/06/24 - 09:52:27 | 200 |            0s |             ::1 | GET      "/api/cache"
[GIN] 2026/06/24 - 09:52:27 | 502 |      3.6009ms |             ::1 | GET      "/api/maquinas/1/status-controle"
[GIN] 2026/06/24 - 09:52:32 | 200 |            0s |             ::1 | GET      "/api/cache"
[GIN] 2026/06/24 - 09:52:32 | 502 |      1.7711ms |             ::1 | GET      "/api/maquinas/1/status-controle"
[GIN] 2026/06/24 - 09:52:37 | 200 |      1.0354ms |             ::1 | GET      "/api/cache"
[GIN] 2026/06/24 - 09:52:37 | 502 |      2.6453ms |             ::1 | GET      "/api/maquinas/1/status-controle"
[GIN] 2026/06/24 - 09:52:42 | 200 |            0s |             ::1 | GET      "/api/cache"
[GIN] 2026/06/24 - 09:52:42 | 502 |      2.1587ms |             ::1 | GET      "/api/maquinas/1/status-controle"
[GIN] 2026/06/24 - 09:52:47 | 200 |            0s |             ::1 | GET      "/api/cache"
[GIN] 2026/06/24 - 09:52:47 | 502 |      1.6777ms |             ::1 | GET      "/api/maquinas/1/status-controle"
[GIN] 2026/06/24 - 09:52:52 | 200 |            0s |             ::1 | GET      "/api/cache"
[GIN] 2026/06/24 - 09:52:52 | 502 |      1.8176ms |             ::1 | GET      "/api/maquinas/1/status-controle"
[GIN] 2026/06/24 - 09:52:57 | 200 |            0s |             ::1 | GET      "/api/cache"
[GIN] 2026/06/24 - 09:52:57 | 502 |       2.382ms |             ::1 | GET      "/api/maquinas/1/status-controle"
[GIN] 2026/06/24 - 09:53:02 | 200 |      1.6753ms |             ::1 | GET      "/api/cache"
[GIN] 2026/06/24 - 09:53:02 | 502 |       2.322ms |             ::1 | GET      "/api/maquinas/1/status-controle"
[GIN] 2026/06/24 - 09:53:07 | 200 |            0s |             ::1 | GET      "/api/cache"
[GIN] 2026/06/24 - 09:53:07 | 502 |      3.1197ms |             ::1 | GET      "/api/maquinas/1/status-controle"
[GIN] 2026/06/24 - 09:53:12 | 200 |            0s |             ::1 | GET      "/api/cache"
[GIN] 2026/06/24 - 09:53:12 | 502 |      32.821ms |             ::1 | GET      "/api/maquinas/1/status-controle"
[GIN] 2026/06/24 - 09:53:17 | 200 |            0s |             ::1 | GET      "/api/cache"
[GIN] 2026/06/24 - 09:53:17 | 502 |       2.093ms |             ::1 | GET      "/api/maquinas/1/status-controle"
[GIN] 2026/06/24 - 09:53:22 | 200 |            0s |             ::1 | GET      "/api/cache"
[GIN] 2026/06/24 - 09:53:22 | 502 |      3.2699ms |             ::1 | GET      "/api/maquinas/1/status-controle"
[GIN] 2026/06/24 - 09:53:27 | 200 |            0s |             ::1 | GET      "/api/cache"
[GIN] 2026/06/24 - 09:53:27 | 502 |      3.7069ms |             ::1 | GET      "/api/maquinas/1/status-controle"
[GIN] 2026/06/24 - 09:53:32 | 200 |            0s |             ::1 | GET      "/api/cache"
[GIN] 2026/06/24 - 09:53:32 | 502 |      1.6841ms |             ::1 | GET      "/api/maquinas/1/status-controle"
[GIN] 2026/06/24 - 09:53:37 | 200 |            0s |             ::1 | GET      "/api/cache"
[GIN] 2026/06/24 - 09:53:37 | 502 |      3.5208ms |             ::1 | GET      "/api/maquinas/1/status-controle"
[GIN] 2026/06/24 - 09:53:42 | 200 |            0s |             ::1 | GET      "/api/cache"
[GIN] 2026/06/24 - 09:53:42 | 502 |      3.8397ms |             ::1 | GET      "/api/maquinas/1/status-controle"
[GIN] 2026/06/24 - 09:53:47 | 200 |            0s |             ::1 | GET      "/api/cache"
[GIN] 2026/06/24 - 09:53:47 | 502 |      2.0312ms |             ::1 | GET      "/api/maquinas/1/status-controle"
[GIN] 2026/06/24 - 09:53:52 | 200 |            0s |             ::1 | GET      "/api/cache"
[GIN] 2026/06/24 - 09:53:52 | 502 |      3.7552ms |             ::1 | GET      "/api/maquinas/1/status-controle"
[GIN] 2026/06/24 - 09:53:57 | 200 |            0s |             ::1 | GET      "/api/cache"
[GIN] 2026/06/24 - 09:53:57 | 502 |      4.1022ms |             ::1 | GET      "/api/maquinas/1/status-controle"
[GIN] 2026/06/24 - 09:54:02 | 200 |            0s |             ::1 | GET      "/api/cache"
[GIN] 2026/06/24 - 09:54:02 | 502 |      2.1022ms |             ::1 | GET      "/api/maquinas/1/status-controle"
[GIN] 2026/06/24 - 09:54:07 | 200 |            0s |             ::1 | GET      "/api/cache"
[GIN] 2026/06/24 - 09:54:07 | 502 |       2.521ms |             ::1 | GET      "/api/maquinas/1/status-controle"
[GIN] 2026/06/24 - 09:54:12 | 200 |            0s |             ::1 | GET      "/api/cache"
[GIN] 2026/06/24 - 09:54:12 | 502 |      3.1844ms |             ::1 | GET      "/api/maquinas/1/status-controle"
[GIN] 2026/06/24 - 09:54:17 | 200 |            0s |             ::1 | GET      "/api/cache"
[GIN] 2026/06/24 - 09:54:17 | 502 |      2.3016ms |             ::1 | GET      "/api/maquinas/1/status-controle"
[GIN] 2026/06/24 - 09:54:22 | 200 |            0s |             ::1 | GET      "/api/cache"
[GIN] 2026/06/24 - 09:54:22 | 502 |      4.2893ms |             ::1 | GET      "/api/maquinas/1/status-controle"
[GIN] 2026/06/24 - 09:54:27 | 200 |            0s |             ::1 | GET      "/api/cache"
[GIN] 2026/06/24 - 09:54:27 | 502 |       4.364ms |             ::1 | GET      "/api/maquinas/1/status-controle"
[GIN] 2026/06/24 - 09:54:32 | 200 |            0s |             ::1 | GET      "/api/cache"
[GIN] 2026/06/24 - 09:54:32 | 502 |      1.5479ms |             ::1 | GET      "/api/maquinas/1/status-controle"
[GIN] 2026/06/24 - 09:54:37 | 200 |            0s |             ::1 | GET      "/api/cache"
[GIN] 2026/06/24 - 09:54:37 | 502 |      4.7615ms |             ::1 | GET      "/api/maquinas/1/status-controle"
[GIN] 2026/06/24 - 09:54:42 | 200 |            0s |             ::1 | GET      "/api/cache"
[GIN] 2026/06/24 - 09:54:42 | 502 |      1.7469ms |             ::1 | GET      "/api/maquinas/1/status-controle"
[GIN] 2026/06/24 - 09:54:47 | 200 |            0s |             ::1 | GET      "/api/cache"
[GIN] 2026/06/24 - 09:54:47 | 502 |        2.07ms |             ::1 | GET      "/api/maquinas/1/status-controle"
[GIN] 2026/06/24 - 09:54:52 | 200 |            0s |             ::1 | GET      "/api/cache"
[GIN] 2026/06/24 - 09:54:52 | 502 |      3.4557ms |             ::1 | GET      "/api/maquinas/1/status-controle"
[GIN] 2026/06/24 - 09:54:57 | 200 |            0s |             ::1 | GET      "/api/cache"
[GIN] 2026/06/24 - 09:54:57 | 502 |       3.872ms |             ::1 | GET      "/api/maquinas/1/status-controle"
[GIN] 2026/06/24 - 09:55:02 | 200 |            0s |             ::1 | GET      "/api/cache"
[GIN] 2026/06/24 - 09:55:02 | 502 |      1.6036ms |             ::1 | GET      "/api/maquinas/1/status-controle"
[GIN] 2026/06/24 - 09:55:07 | 200 |       721.3µs |             ::1 | GET      "/api/cache"
[GIN] 2026/06/24 - 09:55:07 | 502 |      2.8831ms |             ::1 | GET      "/api/maquinas/1/status-controle"
[GIN] 2026/06/24 - 09:55:12 | 200 |            0s |             ::1 | GET      "/api/cache"
[GIN] 2026/06/24 - 09:55:12 | 502 |      2.0842ms |             ::1 | GET      "/api/maquinas/1/status-controle"
[GIN] 2026/06/24 - 09:55:17 | 200 |            0s |             ::1 | GET      "/api/cache"
[GIN] 2026/06/24 - 09:55:17 | 502 |       1.565ms |             ::1 | GET      "/api/maquinas/1/status-controle"
[GIN] 2026/06/24 - 09:55:22 | 200 |            0s |             ::1 | GET      "/api/cache"
[GIN] 2026/06/24 - 09:55:22 | 502 |      2.5526ms |             ::1 | GET      "/api/maquinas/1/status-controle"
[GIN] 2026/06/24 - 09:55:27 | 200 |            0s |             ::1 | GET      "/api/cache"
[GIN] 2026/06/24 - 09:55:27 | 502 |      3.8627ms |             ::1 | GET      "/api/maquinas/1/status-controle"
[GIN] 2026/06/24 - 09:55:32 | 200 |            0s |             ::1 | GET      "/api/cache"
[GIN] 2026/06/24 - 09:55:32 | 502 |      2.4896ms |             ::1 | GET      "/api/maquinas/1/status-controle"
[GIN] 2026/06/24 - 09:55:37 | 200 |            0s |             ::1 | GET      "/api/cache"
[GIN] 2026/06/24 - 09:55:37 | 502 |      2.5304ms |             ::1 | GET      "/api/maquinas/1/status-controle"
[GIN] 2026/06/24 - 09:55:42 | 200 |            0s |             ::1 | GET      "/api/cache"
[GIN] 2026/06/24 - 09:55:42 | 502 |      2.5833ms |             ::1 | GET      "/api/maquinas/1/status-controle"
[GIN] 2026/06/24 - 09:55:47 | 200 |            0s |             ::1 | GET      "/api/cache"
[GIN] 2026/06/24 - 09:55:47 | 502 |      4.3992ms |             ::1 | GET      "/api/maquinas/1/status-controle"
[GIN] 2026/06/24 - 09:55:52 | 200 |            0s |             ::1 | GET      "/api/cache"
[GIN] 2026/06/24 - 09:55:52 | 502 |      1.5669ms |             ::1 | GET      "/api/maquinas/1/status-controle"
[GIN] 2026/06/24 - 09:55:57 | 200 |            0s |             ::1 | GET      "/api/cache"
[GIN] 2026/06/24 - 09:55:58 | 502 |    498.0841ms |             ::1 | GET      "/api/maquinas/1/status-controle"
[GIN] 2026/06/24 - 09:56:02 | 200 |            0s |             ::1 | GET      "/api/cache"
[GIN] 2026/06/24 - 09:56:02 | 502 |      2.9392ms |             ::1 | GET      "/api/maquinas/1/status-controle"
[GIN] 2026/06/24 - 09:56:07 | 200 |            0s |             ::1 | GET      "/api/cache"
[GIN] 2026/06/24 - 09:56:07 | 502 |      3.4023ms |             ::1 | GET      "/api/maquinas/1/status-controle"
[GIN] 2026/06/24 - 09:56:12 | 200 |            0s |             ::1 | GET      "/api/cache"
[GIN] 2026/06/24 - 09:56:12 | 502 |      2.5329ms |             ::1 | GET      "/api/maquinas/1/status-controle"
[GIN] 2026/06/24 - 09:56:17 | 200 |            0s |             ::1 | GET      "/api/cache"
[GIN] 2026/06/24 - 09:56:17 | 502 |      2.4579ms |             ::1 | GET      "/api/maquinas/1/status-controle"
[GIN] 2026/06/24 - 09:56:22 | 200 |            0s |             ::1 | GET      "/api/cache"
[GIN] 2026/06/24 - 09:56:22 | 502 |        4.12ms |             ::1 | GET      "/api/maquinas/1/status-controle"
[GIN] 2026/06/24 - 09:56:27 | 200 |            0s |             ::1 | GET      "/api/cache"
[GIN] 2026/06/24 - 09:56:27 | 502 |      2.0253ms |             ::1 | GET      "/api/maquinas/1/status-controle"
[GIN] 2026/06/24 - 09:56:32 | 200 |            0s |             ::1 | GET      "/api/cache"
[GIN] 2026/06/24 - 09:56:32 | 502 |      1.8187ms |             ::1 | GET      "/api/maquinas/1/status-controle"
[GIN] 2026/06/24 - 09:56:37 | 200 |            0s |             ::1 | GET      "/api/cache"
[GIN] 2026/06/24 - 09:56:37 | 502 |      3.9366ms |             ::1 | GET      "/api/maquinas/1/status-controle"
[GIN] 2026/06/24 - 09:56:42 | 200 |            0s |             ::1 | GET      "/api/cache"
[GIN] 2026/06/24 - 09:56:42 | 502 |      3.2029ms |             ::1 | GET      "/api/maquinas/1/status-controle"
[GIN] 2026/06/24 - 09:56:47 | 200 |            0s |             ::1 | GET      "/api/cache"
[GIN] 2026/06/24 - 09:56:47 | 502 |      4.1068ms |             ::1 | GET      "/api/maquinas/1/status-controle"
[GIN] 2026/06/24 - 09:56:52 | 200 |            0s |             ::1 | GET      "/api/cache"
[GIN] 2026/06/24 - 09:56:52 | 502 |      3.9823ms |             ::1 | GET      "/api/maquinas/1/status-controle"
[GIN] 2026/06/24 - 09:56:57 | 200 |            0s |             ::1 | GET      "/api/cache"
[GIN] 2026/06/24 - 09:56:57 | 502 |      3.7378ms |             ::1 | GET      "/api/maquinas/1/status-controle"
[GIN] 2026/06/24 - 09:57:02 | 200 |            0s |             ::1 | GET      "/api/cache"
[GIN] 2026/06/24 - 09:57:02 | 502 |      3.1695ms |             ::1 | GET      "/api/maquinas/1/status-controle"
[GIN] 2026/06/24 - 09:57:07 | 200 |            0s |             ::1 | GET      "/api/cache"
[GIN] 2026/06/24 - 09:57:07 | 502 |      8.0826ms |             ::1 | GET      "/api/maquinas/1/status-controle"
[GIN] 2026/06/24 - 09:57:12 | 200 |            0s |             ::1 | GET      "/api/cache"
[GIN] 2026/06/24 - 09:57:12 | 502 |      1.9569ms |             ::1 | GET      "/api/maquinas/1/status-controle"
[GIN] 2026/06/24 - 09:57:17 | 200 |            0s |             ::1 | GET      "/api/cache"
[GIN] 2026/06/24 - 09:57:17 | 502 |      4.0617ms |             ::1 | GET      "/api/maquinas/1/status-controle"
[GIN] 2026/06/24 - 09:57:22 | 200 |            0s |             ::1 | GET      "/api/cache"
[GIN] 2026/06/24 - 09:57:22 | 502 |      1.8981ms |             ::1 | GET      "/api/maquinas/1/status-controle"
[GIN] 2026/06/24 - 09:57:27 | 200 |            0s |             ::1 | GET      "/api/cache"
[GIN] 2026/06/24 - 09:57:27 | 502 |      3.8913ms |             ::1 | GET      "/api/maquinas/1/status-controle"
[GIN] 2026/06/24 - 09:57:32 | 200 |            0s |             ::1 | GET      "/api/cache"
[GIN] 2026/06/24 - 09:57:32 | 502 |      2.6595ms |             ::1 | GET      "/api/maquinas/1/status-controle"
[GIN] 2026/06/24 - 09:57:37 | 200 |            0s |             ::1 | GET      "/api/cache"
[GIN] 2026/06/24 - 09:57:37 | 502 |      2.0258ms |             ::1 | GET      "/api/maquinas/1/status-controle"
[GIN] 2026/06/24 - 09:57:42 | 200 |            0s |             ::1 | GET      "/api/cache"
[GIN] 2026/06/24 - 09:57:42 | 502 |      1.4772ms |             ::1 | GET      "/api/maquinas/1/status-controle"
[GIN] 2026/06/24 - 09:57:47 | 200 |            0s |             ::1 | GET      "/api/cache"
[GIN] 2026/06/24 - 09:57:47 | 502 |      1.5059ms |             ::1 | GET      "/api/maquinas/1/status-controle"
[GIN] 2026/06/24 - 09:57:52 | 200 |            0s |             ::1 | GET      "/api/cache"
[GIN] 2026/06/24 - 09:57:52 | 502 |     59.1141ms |             ::1 | GET      "/api/maquinas/1/status-controle"
[GIN] 2026/06/24 - 09:57:57 | 200 |            0s |             ::1 | GET      "/api/cache"
[GIN] 2026/06/24 - 09:57:57 | 502 |      4.0968ms |             ::1 | GET      "/api/maquinas/1/status-controle"
[GIN] 2026/06/24 - 09:57:58 | 200 |       3.369ms |             ::1 | GET      "/api/maquinas"
[GIN] 2026/06/24 - 09:58:02 | 200 |            0s |             ::1 | GET      "/api/cache"
[GIN] 2026/06/24 - 09:58:02 | 502 |      3.6831ms |             ::1 | GET      "/api/maquinas/1/status-controle"
[GIN] 2026/06/24 - 09:58:02 | 502 |      1.5984ms |             ::1 | GET      "/api/maquinas/1/status-controle"
[GIN] 2026/06/24 - 09:58:07 | 200 |            0s |             ::1 | GET      "/api/cache"
[GIN] 2026/06/24 - 09:58:07 | 502 |      3.9672ms |             ::1 | GET      "/api/maquinas/1/status-controle"
[GIN] 2026/06/24 - 09:58:12 | 200 |            0s |             ::1 | GET      "/api/cache"
[GIN] 2026/06/24 - 09:58:12 | 502 |      2.6518ms |             ::1 | GET      "/api/maquinas/1/status-controle"
