[GIN] 2026/06/24 - 10:31:01 | 502 |      3.5786ms |             ::1 | GET      "/api/maquinas/1/status-controle"
[GIN] 2026/06/24 - 10:31:02 | 200 |    444.2445ms |             ::1 | GET      "/api/cache"
[GIN] 2026/06/24 - 10:31:05 | 200 |            0s |             ::1 | GET      "/api/cache"
[GIN] 2026/06/24 - 10:31:06 | 200 |    726.6734ms |             ::1 | GET      "/api/maquinas/1/status-controle"
[GIN] 2026/06/24 - 10:31:07 | 200 |    725.5811ms |             ::1 | GET      "/api/maquinas/1/status-controle"
[GIN] 2026/06/24 - 10:31:07 | 200 |     393.237ms |             ::1 | GET      "/api/maquinas/1/setpoints"
[GIN] 2026/06/24 - 10:31:09 | 200 |    1.7556044s |             ::1 | GET      "/api/debug/registradores/1"
[GIN] 2026/06/24 - 10:31:09 | 200 |            0s |             ::1 | GET      "/api/cache"
[GIN] 2026/06/24 - 10:31:10 | 200 |       675.5µs |             ::1 | GET      "/api/cache"
[GIN] 2026/06/24 - 10:31:11 | 200 |    725.0353ms |             ::1 | GET      "/api/maquinas/1/status-controle"
[GIN] 2026/06/24 - 10:31:15 | 200 |            0s |             ::1 | GET      "/api/cache"
[GIN] 2026/06/24 - 10:31:16 | 200 |    727.2205ms |             ::1 | GET      "/api/maquinas/1/status-controle"
[GIN] 2026/06/24 - 10:31:20 | 200 |            0s |             ::1 | GET      "/api/cache"
[GIN] 2026/06/24 - 10:31:21 | 200 |    727.2337ms |             ::1 | GET      "/api/maquinas/1/status-controle"
[GIN] 2026/06/24 - 10:31:25 | 200 |            0s |             ::1 | GET      "/api/cache"
[GIN] 2026/06/24 - 10:31:26 | 200 |    721.4441ms |             ::1 | GET      "/api/maquinas/1/status-controle"
[GIN] 2026/06/24 - 10:31:30 | 200 |            0s |             ::1 | GET      "/api/cache"
[GIN] 2026/06/24 - 10:31:31 | 200 |    725.8325ms |             ::1 | GET      "/api/maquinas/1/status-controle"
[GIN] 2026/06/24 - 10:31:35 | 200 |            0s |             ::1 | GET      "/api/cache"
[GIN] 2026/06/24 - 10:31:36 | 200 |    725.1271ms |             ::1 | GET      "/api/maquinas/1/status-controle"
[GIN] 2026/06/24 - 10:31:40 | 200 |            0s |             ::1 | GET      "/api/cache"
[GIN] 2026/06/24 - 10:31:41 | 200 |    725.5979ms |             ::1 | GET      "/api/maquinas/1/status-controle"
[GIN] 2026/06/24 - 10:31:45 | 200 |       973.7µs |             ::1 | GET      "/api/cache"
[GIN] 2026/06/24 - 10:31:46 | 200 |    727.3056ms |             ::1 | GET      "/api/maquinas/1/status-controle"
[GIN] 2026/06/24 - 10:31:50 | 200 |            0s |             ::1 | GET      "/api/cache"
[GIN] 2026/06/24 - 10:31:51 | 200 |     726.541ms |             ::1 | GET      "/api/maquinas/1/status-controle"
[GIN] 2026/06/24 - 10:31:55 | 200 |            0s |             ::1 | GET      "/api/cache"
[GIN] 2026/06/24 - 10:31:56 | 200 |    731.2927ms |             ::1 | GET      "/api/maquinas/1/status-controle"
[GIN] 2026/06/24 - 10:32:00 | 200 |       309.8µs |             ::1 | GET      "/api/cache"
[GIN] 2026/06/24 - 10:32:01 | 200 |    726.2609ms |             ::1 | GET      "/api/maquinas/1/status-controle"
[GIN] 2026/06/24 - 10:32:05 | 200 |            0s |             ::1 | GET      "/api/cache"
[GIN] 2026/06/24 - 10:32:06 | 200 |    726.8671ms |             ::1 | GET      "/api/maquinas/1/status-controle"
[GIN] 2026/06/24 - 10:32:10 | 200 |       317.8µs |             ::1 | GET      "/api/cache"
[GIN] 2026/06/24 - 10:32:11 | 200 |    722.4252ms |             ::1 | GET      "/api/maquinas/1/status-controle"
[GIN] 2026/06/24 - 10:32:15 | 200 |            0s |             ::1 | GET      "/api/cache"
[GIN] 2026/06/24 - 10:32:16 | 200 |    730.0378ms |             ::1 | GET      "/api/maquinas/1/status-controle"
[GIN] 2026/06/24 - 10:32:20 | 200 |            0s |             ::1 | GET      "/api/cache"
[GIN] 2026/06/24 - 10:32:21 | 200 |    727.3714ms |             ::1 | GET      "/api/maquinas/1/status-controle"
[GIN] 2026/06/24 - 10:32:25 | 200 |            0s |             ::1 | GET      "/api/cache"
[GIN] 2026/06/24 - 10:32:26 | 200 |    728.5998ms |             ::1 | GET      "/api/maquinas/1/status-controle"
[GIN] 2026/06/24 - 10:32:30 | 200 |            0s |             ::1 | GET      "/api/cache"
[GIN] 2026/06/24 - 10:32:31 | 200 |    728.5654ms |             ::1 | GET      "/api/maquinas/1/status-controle"
[GIN] 2026/06/24 - 10:32:35 | 200 |            0s |             ::1 | GET      "/api/cache"
[GIN] 2026/06/24 - 10:32:36 | 200 |    726.2105ms |             ::1 | GET      "/api/maquinas/1/status-controle"
[GIN] 2026/06/24 - 10:32:40 | 200 |            0s |             ::1 | GET      "/api/cache"
[GIN] 2026/06/24 - 10:32:41 | 200 |     728.038ms |             ::1 | GET      "/api/maquinas/1/status-controle"
[GIN] 2026/06/24 - 10:32:45 | 200 |       751.6µs |             ::1 | GET      "/api/cache"
[GIN] 2026/06/24 - 10:32:46 | 200 |    727.1097ms |             ::1 | GET      "/api/maquinas/1/status-controle"
[GIN] 2026/06/24 - 10:32:50 | 200 |            0s |             ::1 | GET      "/api/cache"
[GIN] 2026/06/24 - 10:32:51 | 200 |    726.3916ms |             ::1 | GET      "/api/maquinas/1/status-controle"
[GIN] 2026/06/24 - 10:32:55 | 200 |            0s |             ::1 | GET      "/api/cache"
[GIN] 2026/06/24 - 10:32:56 | 200 |     726.399ms |             ::1 | GET      "/api/maquinas/1/status-controle"
[GIN] 2026/06/24 - 10:33:00 | 200 |            0s |             ::1 | GET      "/api/cache"
[GIN] 2026/06/24 - 10:33:01 | 200 |    723.7173ms |             ::1 | GET      "/api/maquinas/1/status-controle"
[GIN] 2026/06/24 - 10:33:05 | 200 |       522.2µs |             ::1 | GET      "/api/cache"
[GIN] 2026/06/24 - 10:33:06 | 200 |    723.8923ms |             ::1 | GET      "/api/maquinas/1/status-controle"
[GIN] 2026/06/24 - 10:33:10 | 200 |            0s |             ::1 | GET      "/api/cache"
[GIN] 2026/06/24 - 10:33:11 | 200 |    730.4579ms |             ::1 | GET      "/api/maquinas/1/status-controle"
[GIN] 2026/06/24 - 10:33:15 | 200 |            0s |             ::1 | GET      "/api/cache"
[GIN] 2026/06/24 - 10:33:16 | 200 |     722.969ms |             ::1 | GET      "/api/maquinas/1/status-controle"
[GIN] 2026/06/24 - 10:33:20 | 200 |            0s |             ::1 | GET      "/api/cache"
[GIN] 2026/06/24 - 10:33:21 | 200 |    721.4335ms |             ::1 | GET      "/api/maquinas/1/status-controle"
[GIN] 2026/06/24 - 10:33:25 | 200 |            0s |             ::1 | GET      "/api/cache"
[GIN] 2026/06/24 - 10:33:26 | 200 |    725.0321ms |             ::1 | GET      "/api/maquinas/1/status-controle"
[GIN] 2026/06/24 - 10:33:30 | 200 |            0s |             ::1 | GET      "/api/cache"
[GIN] 2026/06/24 - 10:33:31 | 200 |    729.1795ms |             ::1 | GET      "/api/maquinas/1/status-controle"
[GIN] 2026/06/24 - 10:33:35 | 200 |            0s |             ::1 | GET      "/api/cache"
[GIN] 2026/06/24 - 10:33:36 | 200 |    727.8764ms |             ::1 | GET      "/api/maquinas/1/status-controle"
[GIN] 2026/06/24 - 10:33:40 | 200 |      2.4768ms |             ::1 | GET      "/api/cache"
[GIN] 2026/06/24 - 10:33:41 | 200 |    728.0309ms |             ::1 | GET      "/api/maquinas/1/status-controle"
[GIN] 2026/06/24 - 10:33:45 | 200 |            0s |             ::1 | GET      "/api/cache"
[GIN] 2026/06/24 - 10:33:46 | 200 |    724.6323ms |             ::1 | GET      "/api/maquinas/1/status-controle"
[GIN] 2026/06/24 - 10:33:50 | 200 |            0s |             ::1 | GET      "/api/cache"
[GIN] 2026/06/24 - 10:33:51 | 200 |    725.3391ms |             ::1 | GET      "/api/maquinas/1/status-controle"
[GIN] 2026/06/24 - 10:33:55 | 200 |       532.8µs |             ::1 | GET      "/api/cache"
[GIN] 2026/06/24 - 10:33:56 | 200 |    730.0395ms |             ::1 | GET      "/api/maquinas/1/status-controle"
[GIN] 2026/06/24 - 10:34:00 | 200 |            0s |             ::1 | GET      "/api/cache"
[GIN] 2026/06/24 - 10:34:01 | 200 |    727.6808ms |             ::1 | GET      "/api/maquinas/1/status-controle"
[GIN] 2026/06/24 - 10:34:05 | 200 |            0s |             ::1 | GET      "/api/cache"
[GIN] 2026/06/24 - 10:34:06 | 200 |    729.4103ms |             ::1 | GET      "/api/maquinas/1/status-controle"
[GIN] 2026/06/24 - 10:34:10 | 200 |            0s |             ::1 | GET      "/api/cache"
[GIN] 2026/06/24 - 10:34:11 | 200 |    727.1301ms |             ::1 | GET      "/api/maquinas/1/status-controle"
[GIN] 2026/06/24 - 10:34:15 | 200 |       487.7µs |             ::1 | GET      "/api/cache"
[GIN] 2026/06/24 - 10:34:16 | 200 |    724.9877ms |             ::1 | GET      "/api/maquinas/1/status-controle"
[GIN] 2026/06/24 - 10:34:20 | 200 |            0s |             ::1 | GET      "/api/cache"
[GIN] 2026/06/24 - 10:34:21 | 200 |    719.4877ms |             ::1 | GET      "/api/maquinas/1/status-controle"
[GIN] 2026/06/24 - 10:34:25 | 200 |            0s |             ::1 | GET      "/api/cache"
[GIN] 2026/06/24 - 10:34:26 | 200 |     726.923ms |             ::1 | GET      "/api/maquinas/1/status-controle"
[GIN] 2026/06/24 - 10:34:30 | 200 |      1.0242ms |             ::1 | GET      "/api/cache"
[GIN] 2026/06/24 - 10:34:31 | 200 |    726.6368ms |             ::1 | GET      "/api/maquinas/1/status-controle"
[GIN] 2026/06/24 - 10:34:35 | 200 |            0s |             ::1 | GET      "/api/cache"
[GIN] 2026/06/24 - 10:34:36 | 200 |    729.6182ms |             ::1 | GET      "/api/maquinas/1/status-controle"
[GIN] 2026/06/24 - 10:34:40 | 200 |            0s |             ::1 | GET      "/api/cache"
[GIN] 2026/06/24 - 10:34:41 | 200 |    725.1258ms |             ::1 | GET      "/api/maquinas/1/status-controle"
[GIN] 2026/06/24 - 10:34:45 | 200 |            0s |             ::1 | GET      "/api/cache"
[GIN] 2026/06/24 - 10:34:46 | 200 |    724.8784ms |             ::1 | GET      "/api/maquinas/1/status-controle"
[GIN] 2026/06/24 - 10:34:50 | 200 |            0s |             ::1 | GET      "/api/cache"
[GIN] 2026/06/24 - 10:34:51 | 200 |    724.2126ms |             ::1 | GET      "/api/maquinas/1/status-controle"
[GIN] 2026/06/24 - 10:34:55 | 200 |            0s |             ::1 | GET      "/api/cache"
[GIN] 2026/06/24 - 10:34:56 | 200 |    724.6265ms |             ::1 | GET      "/api/maquinas/1/status-controle"
[GIN] 2026/06/24 - 10:35:00 | 200 |       319.4µs |             ::1 | GET      "/api/cache"
[GIN] 2026/06/24 - 10:35:01 | 200 |    729.2318ms |             ::1 | GET      "/api/maquinas/1/status-controle"
[GIN] 2026/06/24 - 10:35:05 | 200 |            0s |             ::1 | GET      "/api/cache"
[GIN] 2026/06/24 - 10:35:06 | 200 |    727.1886ms |             ::1 | GET      "/api/maquinas/1/status-controle"
[GIN] 2026/06/24 - 10:35:10 | 200 |            0s |             ::1 | GET      "/api/cache"
[GIN] 2026/06/24 - 10:35:11 | 200 |    727.4821ms |             ::1 | GET      "/api/maquinas/1/status-controle"
[GIN] 2026/06/24 - 10:35:15 | 200 |            0s |             ::1 | GET      "/api/cache"
[GIN] 2026/06/24 - 10:35:16 | 200 |    725.6123ms |             ::1 | GET      "/api/maquinas/1/status-controle"
[GIN] 2026/06/24 - 10:35:20 | 200 |            0s |             ::1 | GET      "/api/cache"
[GIN] 2026/06/24 - 10:35:21 | 200 |    726.0081ms |             ::1 | GET      "/api/maquinas/1/status-controle"
[GIN] 2026/06/24 - 10:35:25 | 200 |            0s |             ::1 | GET      "/api/cache"
[GIN] 2026/06/24 - 10:35:26 | 200 |    726.7959ms |             ::1 | GET      "/api/maquinas/1/status-controle"
[GIN] 2026/06/24 - 10:35:30 | 200 |            0s |             ::1 | GET      "/api/cache"
[GIN] 2026/06/24 - 10:35:31 | 200 |    729.0408ms |             ::1 | GET      "/api/maquinas/1/status-controle"
[GIN] 2026/06/24 - 10:35:35 | 200 |            0s |             ::1 | GET      "/api/cache"
[GIN] 2026/06/24 - 10:35:36 | 200 |    725.2282ms |             ::1 | GET      "/api/maquinas/1/status-controle"
[GIN] 2026/06/24 - 10:35:40 | 200 |            0s |             ::1 | GET      "/api/cache"
[GIN] 2026/06/24 - 10:35:41 | 200 |    733.3295ms |             ::1 | GET      "/api/maquinas/1/status-controle"
[GIN] 2026/06/24 - 10:35:45 | 200 |            0s |             ::1 | GET      "/api/cache"
[GIN] 2026/06/24 - 10:35:46 | 200 |    728.1931ms |             ::1 | GET      "/api/maquinas/1/status-controle"
[GIN] 2026/06/24 - 10:35:50 | 200 |            0s |             ::1 | GET      "/api/cache"
[GIN] 2026/06/24 - 10:35:51 | 200 |    726.8415ms |             ::1 | GET      "/api/maquinas/1/status-controle"
[GIN] 2026/06/24 - 10:35:55 | 200 |            0s |             ::1 | GET      "/api/cache"
[GIN] 2026/06/24 - 10:35:56 | 200 |    723.7131ms |             ::1 | GET      "/api/maquinas/1/status-controle"
[GIN] 2026/06/24 - 10:36:00 | 200 |            0s |             ::1 | GET      "/api/cache"
[GIN] 2026/06/24 - 10:36:01 | 200 |    726.1472ms |             ::1 | GET      "/api/maquinas/1/status-controle"
[GIN] 2026/06/24 - 10:36:05 | 200 |       517.3µs |             ::1 | GET      "/api/cache"
[GIN] 2026/06/24 - 10:36:06 | 200 |    728.0161ms |             ::1 | GET      "/api/maquinas/1/status-controle"
[GIN] 2026/06/24 - 10:36:10 | 200 |            0s |             ::1 | GET      "/api/cache"
[GIN] 2026/06/24 - 10:36:11 | 200 |    727.0942ms |             ::1 | GET      "/api/maquinas/1/status-controle"
[GIN] 2026/06/24 - 10:36:15 | 200 |            0s |             ::1 | GET      "/api/cache"
[GIN] 2026/06/24 - 10:36:16 | 200 |    730.0426ms |             ::1 | GET      "/api/maquinas/1/status-controle"
[GIN] 2026/06/24 - 10:36:20 | 200 |            0s |             ::1 | GET      "/api/cache"
[GIN] 2026/06/24 - 10:36:21 | 200 |    729.0573ms |             ::1 | GET      "/api/maquinas/1/status-controle"
[GIN] 2026/06/24 - 10:36:25 | 200 |            0s |             ::1 | GET      "/api/cache"
[GIN] 2026/06/24 - 10:36:26 | 200 |    727.2698ms |             ::1 | GET      "/api/maquinas/1/status-controle"
[GIN] 2026/06/24 - 10:36:30 | 200 |            0s |             ::1 | GET      "/api/cache"
[GIN] 2026/06/24 - 10:36:31 | 200 |    728.5111ms |             ::1 | GET      "/api/maquinas/1/status-controle"
[GIN] 2026/06/24 - 10:36:35 | 200 |            0s |             ::1 | GET      "/api/cache"
[GIN] 2026/06/24 - 10:36:36 | 200 |    727.3074ms |             ::1 | GET      "/api/maquinas/1/status-controle"
[GIN] 2026/06/24 - 10:36:40 | 200 |            0s |             ::1 | GET      "/api/cache"
[GIN] 2026/06/24 - 10:36:41 | 200 |    724.9021ms |             ::1 | GET      "/api/maquinas/1/status-controle"
[GIN] 2026/06/24 - 10:36:45 | 200 |            0s |             ::1 | GET      "/api/cache"
[GIN] 2026/06/24 - 10:36:46 | 200 |     727.375ms |             ::1 | GET      "/api/maquinas/1/status-controle"
[GIN] 2026/06/24 - 10:36:50 | 200 |            0s |             ::1 | GET      "/api/cache"
[GIN] 2026/06/24 - 10:36:51 | 200 |    724.4681ms |             ::1 | GET      "/api/maquinas/1/status-controle"
[GIN] 2026/06/24 - 10:36:55 | 200 |            0s |             ::1 | GET      "/api/cache"
[GIN] 2026/06/24 - 10:36:56 | 200 |    725.3136ms |             ::1 | GET      "/api/maquinas/1/status-controle"
[GIN] 2026/06/24 - 10:37:00 | 200 |       974.5µs |             ::1 | GET      "/api/cache"
[GIN] 2026/06/24 - 10:37:01 | 200 |    726.0905ms |             ::1 | GET      "/api/maquinas/1/status-controle"
[GIN] 2026/06/24 - 10:37:05 | 200 |            0s |             ::1 | GET      "/api/cache"
[GIN] 2026/06/24 - 10:37:06 | 200 |    725.9838ms |             ::1 | GET      "/api/maquinas/1/status-controle"
[GIN] 2026/06/24 - 10:37:10 | 200 |            0s |             ::1 | GET      "/api/cache"
[GIN] 2026/06/24 - 10:37:11 | 200 |    726.0888ms |             ::1 | GET      "/api/maquinas/1/status-controle"
[GIN] 2026/06/24 - 10:37:15 | 200 |            0s |             ::1 | GET      "/api/cache"
[GIN] 2026/06/24 - 10:37:16 | 200 |    726.8172ms |             ::1 | GET      "/api/maquinas/1/status-controle"
[GIN] 2026/06/24 - 10:37:20 | 200 |            0s |             ::1 | GET      "/api/cache"
[GIN] 2026/06/24 - 10:37:21 | 200 |    723.7028ms |             ::1 | GET      "/api/maquinas/1/status-controle"
[GIN] 2026/06/24 - 10:37:25 | 200 |            0s |             ::1 | GET      "/api/cache"
[GIN] 2026/06/24 - 10:37:26 | 200 |    721.4406ms |             ::1 | GET      "/api/maquinas/1/status-controle"
[GIN] 2026/06/24 - 10:37:30 | 200 |            0s |             ::1 | GET      "/api/cache"
[GIN] 2026/06/24 - 10:37:31 | 200 |    724.3648ms |             ::1 | GET      "/api/maquinas/1/status-controle"
[GIN] 2026/06/24 - 10:37:35 | 200 |       693.7µs |             ::1 | GET      "/api/cache"
[GIN] 2026/06/24 - 10:37:36 | 200 |    726.4116ms |             ::1 | GET      "/api/maquinas/1/status-controle"
[GIN] 2026/06/24 - 10:37:40 | 200 |            0s |             ::1 | GET      "/api/cache"
[GIN] 2026/06/24 - 10:37:41 | 200 |     726.346ms |             ::1 | GET      "/api/maquinas/1/status-controle"
[GIN] 2026/06/24 - 10:37:45 | 200 |       513.5µs |             ::1 | GET      "/api/cache"
[GIN] 2026/06/24 - 10:37:46 | 200 |    727.8198ms |             ::1 | GET      "/api/maquinas/1/status-controle"
[GIN] 2026/06/24 - 10:37:50 | 200 |            0s |             ::1 | GET      "/api/cache"
[GIN] 2026/06/24 - 10:37:51 | 200 |    719.9009ms |             ::1 | GET      "/api/maquinas/1/status-controle"
[GIN] 2026/06/24 - 10:37:55 | 200 |            0s |             ::1 | GET      "/api/cache"
[GIN] 2026/06/24 - 10:37:56 | 200 |    727.7709ms |             ::1 | GET      "/api/maquinas/1/status-controle"
[GIN] 2026/06/24 - 10:38:00 | 200 |            0s |             ::1 | GET      "/api/cache"
[GIN] 2026/06/24 - 10:38:01 | 200 |    724.9541ms |             ::1 | GET      "/api/maquinas/1/status-controle"
[GIN] 2026/06/24 - 10:38:05 | 200 |            0s |             ::1 | GET      "/api/cache"
[GIN] 2026/06/24 - 10:38:06 | 200 |    726.4055ms |             ::1 | GET      "/api/maquinas/1/status-controle"
[GIN] 2026/06/24 - 10:38:10 | 200 |            0s |             ::1 | GET      "/api/cache"
[GIN] 2026/06/24 - 10:38:11 | 200 |    729.1973ms |             ::1 | GET      "/api/maquinas/1/status-controle"
[GIN] 2026/06/24 - 10:38:15 | 200 |            0s |             ::1 | GET      "/api/cache"
[GIN] 2026/06/24 - 10:38:16 | 200 |    729.6391ms |             ::1 | GET      "/api/maquinas/1/status-controle"
[GIN] 2026/06/24 - 10:38:20 | 200 |            0s |             ::1 | GET      "/api/cache"
[GIN] 2026/06/24 - 10:38:21 | 200 |     730.231ms |             ::1 | GET      "/api/maquinas/1/status-controle"
[GIN] 2026/06/24 - 10:38:25 | 200 |      1.0776ms |             ::1 | GET      "/api/cache"
[GIN] 2026/06/24 - 10:38:26 | 200 |    728.8328ms |             ::1 | GET      "/api/maquinas/1/status-controle"
[GIN] 2026/06/24 - 10:38:30 | 200 |            0s |             ::1 | GET      "/api/cache"
[GIN] 2026/06/24 - 10:38:31 | 200 |    726.9064ms |             ::1 | GET      "/api/maquinas/1/status-controle"
[GIN] 2026/06/24 - 10:38:35 | 200 |            0s |             ::1 | GET      "/api/cache"
[GIN] 2026/06/24 - 10:38:36 | 200 |    728.8904ms |             ::1 | GET      "/api/maquinas/1/status-controle"
[GIN] 2026/06/24 - 10:38:40 | 200 |            0s |             ::1 | GET      "/api/cache"
[GIN] 2026/06/24 - 10:38:41 | 200 |    725.3952ms |             ::1 | GET      "/api/maquinas/1/status-controle"
[GIN] 2026/06/24 - 10:38:45 | 200 |      1.2776ms |             ::1 | GET      "/api/cache"
[GIN] 2026/06/24 - 10:38:46 | 200 |    726.5573ms |             ::1 | GET      "/api/maquinas/1/status-controle"
[GIN] 2026/06/24 - 10:38:50 | 200 |            0s |             ::1 | GET      "/api/cache"
[GIN] 2026/06/24 - 10:38:51 | 200 |     724.122ms |             ::1 | GET      "/api/maquinas/1/status-controle"
[GIN] 2026/06/24 - 10:38:55 | 200 |            0s |             ::1 | GET      "/api/cache"
[GIN] 2026/06/24 - 10:38:56 | 200 |    725.8539ms |             ::1 | GET      "/api/maquinas/1/status-controle"
[GIN] 2026/06/24 - 10:39:00 | 200 |            0s |             ::1 | GET      "/api/cache"
[GIN] 2026/06/24 - 10:39:01 | 200 |    722.7321ms |             ::1 | GET      "/api/maquinas/1/status-controle"
[GIN] 2026/06/24 - 10:39:05 | 200 |            0s |             ::1 | GET      "/api/cache"
[GIN] 2026/06/24 - 10:39:06 | 200 |    728.4187ms |             ::1 | GET      "/api/maquinas/1/status-controle"
[GIN] 2026/06/24 - 10:39:10 | 200 |            0s |             ::1 | GET      "/api/cache"
[GIN] 2026/06/24 - 10:39:11 | 200 |    725.5413ms |             ::1 | GET      "/api/maquinas/1/status-controle"
[GIN] 2026/06/24 - 10:39:15 | 200 |            0s |             ::1 | GET      "/api/cache"
[GIN] 2026/06/24 - 10:39:16 | 200 |    722.5662ms |             ::1 | GET      "/api/maquinas/1/status-controle"
[GIN] 2026/06/24 - 10:39:20 | 200 |       858.7µs |             ::1 | GET      "/api/cache"
[GIN] 2026/06/24 - 10:39:21 | 200 |     727.242ms |             ::1 | GET      "/api/maquinas/1/status-controle"
[GIN] 2026/06/24 - 10:39:25 | 200 |            0s |             ::1 | GET      "/api/cache"
[GIN] 2026/06/24 - 10:39:26 | 200 |    725.9312ms |             ::1 | GET      "/api/maquinas/1/status-controle"
[GIN] 2026/06/24 - 10:39:30 | 200 |            0s |             ::1 | GET      "/api/cache"
[GIN] 2026/06/24 - 10:39:31 | 200 |    727.0228ms |             ::1 | GET      "/api/maquinas/1/status-controle"
[GIN] 2026/06/24 - 10:39:35 | 200 |            0s |             ::1 | GET      "/api/cache"
[GIN] 2026/06/24 - 10:39:36 | 200 |    728.1722ms |             ::1 | GET      "/api/maquinas/1/status-controle"
[GIN] 2026/06/24 - 10:39:40 | 200 |            0s |             ::1 | GET      "/api/cache"
[GIN] 2026/06/24 - 10:39:41 | 200 |    724.2196ms |             ::1 | GET      "/api/maquinas/1/status-controle"
[GIN] 2026/06/24 - 10:39:45 | 200 |       525.1µs |             ::1 | GET      "/api/cache"
[GIN] 2026/06/24 - 10:39:46 | 200 |    726.3052ms |             ::1 | GET      "/api/maquinas/1/status-controle"
[GIN] 2026/06/24 - 10:39:50 | 200 |            0s |             ::1 | GET      "/api/cache"
[GIN] 2026/06/24 - 10:39:51 | 200 |    725.0573ms |             ::1 | GET      "/api/maquinas/1/status-controle"
[GIN] 2026/06/24 - 10:39:55 | 200 |            0s |             ::1 | GET      "/api/cache"
[GIN] 2026/06/24 - 10:39:56 | 200 |    724.8054ms |             ::1 | GET      "/api/maquinas/1/status-controle"
[GIN] 2026/06/24 - 10:40:00 | 200 |            0s |             ::1 | GET      "/api/cache"
[GIN] 2026/06/24 - 10:40:01 | 200 |    727.7763ms |             ::1 | GET      "/api/maquinas/1/status-controle"
[GIN] 2026/06/24 - 10:40:05 | 200 |            0s |             ::1 | GET      "/api/cache"
[GIN] 2026/06/24 - 10:40:06 | 200 |    726.6141ms |             ::1 | GET      "/api/maquinas/1/status-controle"
[GIN] 2026/06/24 - 10:40:10 | 200 |            0s |             ::1 | GET      "/api/cache"
[GIN] 2026/06/24 - 10:40:11 | 200 |    729.7013ms |             ::1 | GET      "/api/maquinas/1/status-controle"
[GIN] 2026/06/24 - 10:40:15 | 200 |            0s |             ::1 | GET      "/api/cache"
[GIN] 2026/06/24 - 10:40:16 | 200 |    730.3966ms |             ::1 | GET      "/api/maquinas/1/status-controle"
[GIN] 2026/06/24 - 10:40:20 | 200 |            0s |             ::1 | GET      "/api/cache"
[GIN] 2026/06/24 - 10:40:21 | 200 |    722.0649ms |             ::1 | GET      "/api/maquinas/1/status-controle"
[GIN] 2026/06/24 - 10:40:25 | 200 |            0s |             ::1 | GET      "/api/cache"
[GIN] 2026/06/24 - 10:40:26 | 200 |    725.0773ms |             ::1 | GET      "/api/maquinas/1/status-controle"
[GIN] 2026/06/24 - 10:40:30 | 200 |            0s |             ::1 | GET      "/api/cache"
[GIN] 2026/06/24 - 10:40:31 | 200 |     728.402ms |             ::1 | GET      "/api/maquinas/1/status-controle"
[GIN] 2026/06/24 - 10:40:35 | 200 |            0s |             ::1 | GET      "/api/cache"
[GIN] 2026/06/24 - 10:40:36 | 200 |    729.7006ms |             ::1 | GET      "/api/maquinas/1/status-controle"
[GIN] 2026/06/24 - 10:40:40 | 200 |            0s |             ::1 | GET      "/api/cache"
[GIN] 2026/06/24 - 10:40:41 | 200 |    724.0662ms |             ::1 | GET      "/api/maquinas/1/status-controle"
[GIN] 2026/06/24 - 10:40:45 | 200 |            0s |             ::1 | GET      "/api/cache"
[GIN] 2026/06/24 - 10:40:46 | 200 |    726.3419ms |             ::1 | GET      "/api/maquinas/1/status-controle"
[GIN] 2026/06/24 - 10:40:50 | 200 |            0s |             ::1 | GET      "/api/cache"
[GIN] 2026/06/24 - 10:40:51 | 200 |    724.7719ms |             ::1 | GET      "/api/maquinas/1/status-controle"
[GIN] 2026/06/24 - 10:40:55 | 200 |            0s |             ::1 | GET      "/api/cache"
[GIN] 2026/06/24 - 10:40:56 | 200 |      721.54ms |             ::1 | GET      "/api/maquinas/1/status-controle"
[GIN] 2026/06/24 - 10:41:00 | 200 |            0s |             ::1 | GET      "/api/cache"
[GIN] 2026/06/24 - 10:41:01 | 200 |    723.9796ms |             ::1 | GET      "/api/maquinas/1/status-controle"
[GIN] 2026/06/24 - 10:41:05 | 200 |            0s |             ::1 | GET      "/api/cache"
[GIN] 2026/06/24 - 10:41:06 | 200 |    735.2176ms |             ::1 | GET      "/api/maquinas/1/status-controle"
[GIN] 2026/06/24 - 10:41:10 | 200 |            0s |             ::1 | GET      "/api/cache"
[GIN] 2026/06/24 - 10:41:11 | 200 |    728.6859ms |             ::1 | GET      "/api/maquinas/1/status-controle"
[GIN] 2026/06/24 - 10:41:15 | 200 |            0s |             ::1 | GET      "/api/cache"
[GIN] 2026/06/24 - 10:41:16 | 200 |    726.8969ms |             ::1 | GET      "/api/maquinas/1/status-controle"
[GIN] 2026/06/24 - 10:41:20 | 200 |            0s |             ::1 | GET      "/api/cache"
[GIN] 2026/06/24 - 10:41:21 | 200 |    729.6087ms |             ::1 | GET      "/api/maquinas/1/status-controle"
[GIN] 2026/06/24 - 10:41:25 | 200 |            0s |             ::1 | GET      "/api/cache"
[GIN] 2026/06/24 - 10:41:26 | 200 |    727.6028ms |             ::1 | GET      "/api/maquinas/1/status-controle"
[GIN] 2026/06/24 - 10:41:30 | 200 |            0s |             ::1 | GET      "/api/cache"
[GIN] 2026/06/24 - 10:41:31 | 200 |    728.0515ms |             ::1 | GET      "/api/maquinas/1/status-controle"
[GIN] 2026/06/24 - 10:41:35 | 200 |            0s |             ::1 | GET      "/api/cache"
[GIN] 2026/06/24 - 10:41:36 | 200 |    726.8694ms |             ::1 | GET      "/api/maquinas/1/status-controle"
[GIN] 2026/06/24 - 10:41:40 | 200 |            0s |             ::1 | GET      "/api/cache"
[GIN] 2026/06/24 - 10:41:41 | 200 |     726.245ms |             ::1 | GET      "/api/maquinas/1/status-controle"
[GIN] 2026/06/24 - 10:41:45 | 200 |            0s |             ::1 | GET      "/api/cache"
[GIN] 2026/06/24 - 10:41:46 | 200 |    726.1887ms |             ::1 | GET      "/api/maquinas/1/status-controle"
[GIN] 2026/06/24 - 10:41:50 | 200 |            0s |             ::1 | GET      "/api/cache"
[GIN] 2026/06/24 - 10:41:51 | 200 |    725.6713ms |             ::1 | GET      "/api/maquinas/1/status-controle"
[GIN] 2026/06/24 - 10:41:55 | 200 |            0s |             ::1 | GET      "/api/cache"
[GIN] 2026/06/24 - 10:41:56 | 200 |    726.0165ms |             ::1 | GET      "/api/maquinas/1/status-controle"
[GIN] 2026/06/24 - 10:42:00 | 200 |            0s |             ::1 | GET      "/api/cache"
[GIN] 2026/06/24 - 10:42:01 | 200 |    730.8665ms |             ::1 | GET      "/api/maquinas/1/status-controle"
[GIN] 2026/06/24 - 10:42:05 | 200 |            0s |             ::1 | GET      "/api/cache"
[GIN] 2026/06/24 - 10:42:06 | 200 |    728.1694ms |             ::1 | GET      "/api/maquinas/1/status-controle"
[GIN] 2026/06/24 - 10:42:10 | 200 |            0s |             ::1 | GET      "/api/cache"
[GIN] 2026/06/24 - 10:42:11 | 200 |     726.067ms |             ::1 | GET      "/api/maquinas/1/status-controle"
[GIN] 2026/06/24 - 10:42:15 | 200 |            0s |             ::1 | GET      "/api/cache"
[GIN] 2026/06/24 - 10:42:16 | 200 |    727.7368ms |             ::1 | GET      "/api/maquinas/1/status-controle"
[GIN] 2026/06/24 - 10:42:20 | 200 |            0s |             ::1 | GET      "/api/cache"
[GIN] 2026/06/24 - 10:42:21 | 200 |    726.2181ms |             ::1 | GET      "/api/maquinas/1/status-controle"
[GIN] 2026/06/24 - 10:42:25 | 200 |            0s |             ::1 | GET      "/api/cache"
[GIN] 2026/06/24 - 10:42:26 | 200 |    726.4552ms |             ::1 | GET      "/api/maquinas/1/status-controle"
[GIN] 2026/06/24 - 10:42:30 | 200 |            0s |             ::1 | GET      "/api/cache"
[GIN] 2026/06/24 - 10:42:31 | 200 |    728.6698ms |             ::1 | GET      "/api/maquinas/1/status-controle"
[GIN] 2026/06/24 - 10:42:35 | 200 |      2.2029ms |             ::1 | GET      "/api/cache"
[GIN] 2026/06/24 - 10:42:36 | 200 |     725.614ms |             ::1 | GET      "/api/maquinas/1/status-controle"
[GIN] 2026/06/24 - 10:42:40 | 200 |            0s |             ::1 | GET      "/api/cache"
[GIN] 2026/06/24 - 10:42:41 | 200 |    726.7516ms |             ::1 | GET      "/api/maquinas/1/status-controle"
[GIN] 2026/06/24 - 10:42:45 | 200 |            0s |             ::1 | GET      "/api/cache"
[GIN] 2026/06/24 - 10:42:46 | 200 |    725.3073ms |             ::1 | GET      "/api/maquinas/1/status-controle"
[GIN] 2026/06/24 - 10:42:50 | 200 |       812.2µs |             ::1 | GET      "/api/cache"
[GIN] 2026/06/24 - 10:42:51 | 200 |     729.733ms |             ::1 | GET      "/api/maquinas/1/status-controle"
[GIN] 2026/06/24 - 10:42:55 | 200 |            0s |             ::1 | GET      "/api/cache"
[GIN] 2026/06/24 - 10:42:56 | 200 |     724.674ms |             ::1 | GET      "/api/maquinas/1/status-controle"
[GIN] 2026/06/24 - 10:43:00 | 200 |            0s |             ::1 | GET      "/api/cache"
[GIN] 2026/06/24 - 10:43:01 | 200 |    727.4562ms |             ::1 | GET      "/api/maquinas/1/status-controle"
[GIN] 2026/06/24 - 10:43:05 | 200 |            0s |             ::1 | GET      "/api/cache"
[GIN] 2026/06/24 - 10:43:06 | 200 |    724.7715ms |             ::1 | GET      "/api/maquinas/1/status-controle"
[GIN] 2026/06/24 - 10:43:10 | 200 |            0s |             ::1 | GET      "/api/cache"
[GIN] 2026/06/24 - 10:43:11 | 200 |    720.2591ms |             ::1 | GET      "/api/maquinas/1/status-controle"
[GIN] 2026/06/24 - 10:43:15 | 200 |            0s |             ::1 | GET      "/api/cache"
[GIN] 2026/06/24 - 10:43:16 | 200 |    734.1203ms |             ::1 | GET      "/api/maquinas/1/status-controle"
[GIN] 2026/06/24 - 10:43:20 | 200 |            0s |             ::1 | GET      "/api/cache"
[GIN] 2026/06/24 - 10:43:21 | 200 |    725.9083ms |             ::1 | GET      "/api/maquinas/1/status-controle"
[GIN] 2026/06/24 - 10:43:25 | 200 |            0s |             ::1 | GET      "/api/cache"
[GIN] 2026/06/24 - 10:43:26 | 200 |    727.2472ms |             ::1 | GET      "/api/maquinas/1/status-controle"
[GIN] 2026/06/24 - 10:43:30 | 200 |            0s |             ::1 | GET      "/api/cache"
[GIN] 2026/06/24 - 10:43:31 | 200 |    722.3227ms |             ::1 | GET      "/api/maquinas/1/status-controle"
[GIN] 2026/06/24 - 10:43:35 | 200 |            0s |             ::1 | GET      "/api/cache"
[GIN] 2026/06/24 - 10:43:36 | 200 |    728.0772ms |             ::1 | GET      "/api/maquinas/1/status-controle"
[GIN] 2026/06/24 - 10:43:40 | 200 |            0s |             ::1 | GET      "/api/cache"
[GIN] 2026/06/24 - 10:43:41 | 200 |    728.2599ms |             ::1 | GET      "/api/maquinas/1/status-controle"
[GIN] 2026/06/24 - 10:43:45 | 200 |            0s |             ::1 | GET      "/api/cache"
[GIN] 2026/06/24 - 10:43:46 | 200 |    728.3262ms |             ::1 | GET      "/api/maquinas/1/status-controle"
[GIN] 2026/06/24 - 10:43:50 | 200 |       550.4µs |             ::1 | GET      "/api/cache"
[GIN] 2026/06/24 - 10:43:51 | 200 |    729.1555ms |             ::1 | GET      "/api/maquinas/1/status-controle"
[GIN] 2026/06/24 - 10:43:55 | 200 |            0s |             ::1 | GET      "/api/cache"
[GIN] 2026/06/24 - 10:43:56 | 200 |    725.2774ms |             ::1 | GET      "/api/maquinas/1/status-controle"
[GIN] 2026/06/24 - 10:44:00 | 200 |            0s |             ::1 | GET      "/api/cache"
[GIN] 2026/06/24 - 10:44:01 | 200 |    724.0181ms |             ::1 | GET      "/api/maquinas/1/status-controle"
[GIN] 2026/06/24 - 10:44:05 | 200 |            0s |             ::1 | GET      "/api/cache"
[GIN] 2026/06/24 - 10:44:06 | 200 |    725.9525ms |             ::1 | GET      "/api/maquinas/1/status-controle"
[GIN] 2026/06/24 - 10:44:10 | 200 |         733µs |             ::1 | GET      "/api/cache"
[GIN] 2026/06/24 - 10:44:11 | 200 |    727.4694ms |             ::1 | GET      "/api/maquinas/1/status-controle"
[GIN] 2026/06/24 - 10:44:15 | 200 |            0s |             ::1 | GET      "/api/cache"
[GIN] 2026/06/24 - 10:44:16 | 200 |    726.1406ms |             ::1 | GET      "/api/maquinas/1/status-controle"
[GIN] 2026/06/24 - 10:44:20 | 200 |            0s |             ::1 | GET      "/api/cache"
[GIN] 2026/06/24 - 10:44:21 | 200 |    722.2102ms |             ::1 | GET      "/api/maquinas/1/status-controle"
[GIN] 2026/06/24 - 10:44:25 | 200 |            0s |             ::1 | GET      "/api/cache"
[GIN] 2026/06/24 - 10:44:26 | 200 |    726.6586ms |             ::1 | GET      "/api/maquinas/1/status-controle"
[GIN] 2026/06/24 - 10:44:30 | 200 |            0s |             ::1 | GET      "/api/cache"
[GIN] 2026/06/24 - 10:44:31 | 200 |    724.9974ms |             ::1 | GET      "/api/maquinas/1/status-controle"
[GIN] 2026/06/24 - 10:44:35 | 200 |            0s |             ::1 | GET      "/api/cache"
[GIN] 2026/06/24 - 10:44:36 | 200 |    726.0148ms |             ::1 | GET      "/api/maquinas/1/status-controle"
[GIN] 2026/06/24 - 10:44:40 | 200 |            0s |             ::1 | GET      "/api/cache"
[GIN] 2026/06/24 - 10:44:41 | 200 |    725.3715ms |             ::1 | GET      "/api/maquinas/1/status-controle"
[GIN] 2026/06/24 - 10:44:45 | 200 |            0s |             ::1 | GET      "/api/cache"
[GIN] 2026/06/24 - 10:44:46 | 200 |    725.3393ms |             ::1 | GET      "/api/maquinas/1/status-controle"
[GIN] 2026/06/24 - 10:44:50 | 200 |            0s |             ::1 | GET      "/api/cache"
[GIN] 2026/06/24 - 10:44:51 | 200 |    724.1825ms |             ::1 | GET      "/api/maquinas/1/status-controle"
[GIN] 2026/06/24 - 10:44:55 | 200 |       955.8µs |             ::1 | GET      "/api/cache"
[GIN] 2026/06/24 - 10:44:56 | 200 |    723.9276ms |             ::1 | GET      "/api/maquinas/1/status-controle"
[GIN] 2026/06/24 - 10:45:00 | 200 |            0s |             ::1 | GET      "/api/cache"
[GIN] 2026/06/24 - 10:45:01 | 200 |    723.4752ms |             ::1 | GET      "/api/maquinas/1/status-controle"
[GIN] 2026/06/24 - 10:45:05 | 200 |            0s |             ::1 | GET      "/api/cache"
[GIN] 2026/06/24 - 10:45:06 | 200 |    725.2124ms |             ::1 | GET      "/api/maquinas/1/status-controle"
[GIN] 2026/06/24 - 10:45:10 | 200 |            0s |             ::1 | GET      "/api/cache"
[GIN] 2026/06/24 - 10:45:11 | 200 |    721.2139ms |             ::1 | GET      "/api/maquinas/1/status-controle"
[GIN] 2026/06/24 - 10:45:15 | 200 |       376.1µs |             ::1 | GET      "/api/cache"
[GIN] 2026/06/24 - 10:45:16 | 200 |    731.0713ms |             ::1 | GET      "/api/maquinas/1/status-controle"
[GIN] 2026/06/24 - 10:45:20 | 200 |            0s |             ::1 | GET      "/api/cache"
[GIN] 2026/06/24 - 10:45:21 | 200 |    722.0956ms |             ::1 | GET      "/api/maquinas/1/status-controle"
[GIN] 2026/06/24 - 10:45:25 | 200 |            0s |             ::1 | GET      "/api/cache"
[GIN] 2026/06/24 - 10:45:26 | 200 |    722.6325ms |             ::1 | GET      "/api/maquinas/1/status-controle"
[GIN] 2026/06/24 - 10:45:30 | 200 |            0s |             ::1 | GET      "/api/cache"
[GIN] 2026/06/24 - 10:45:31 | 200 |    727.8943ms |             ::1 | GET      "/api/maquinas/1/status-controle"
[GIN] 2026/06/24 - 10:45:35 | 200 |            0s |             ::1 | GET      "/api/cache"
[GIN] 2026/06/24 - 10:45:36 | 200 |    723.5477ms |             ::1 | GET      "/api/maquinas/1/status-controle"
[GIN] 2026/06/24 - 10:45:40 | 200 |            0s |             ::1 | GET      "/api/cache"
[GIN] 2026/06/24 - 10:45:41 | 200 |    725.1901ms |             ::1 | GET      "/api/maquinas/1/status-controle"
[GIN] 2026/06/24 - 10:45:45 | 200 |            0s |             ::1 | GET      "/api/cache"
[GIN] 2026/06/24 - 10:45:46 | 200 |    725.1481ms |             ::1 | GET      "/api/maquinas/1/status-controle"
[GIN] 2026/06/24 - 10:45:50 | 200 |            0s |             ::1 | GET      "/api/cache"
[GIN] 2026/06/24 - 10:45:51 | 200 |    724.8932ms |             ::1 | GET      "/api/maquinas/1/status-controle"
[GIN] 2026/06/24 - 10:45:55 | 200 |            0s |             ::1 | GET      "/api/cache"
[GIN] 2026/06/24 - 10:45:56 | 200 |    726.5793ms |             ::1 | GET      "/api/maquinas/1/status-controle"
[GIN] 2026/06/24 - 10:46:00 | 200 |            0s |             ::1 | GET      "/api/cache"
[GIN] 2026/06/24 - 10:46:01 | 200 |    725.5928ms |             ::1 | GET      "/api/maquinas/1/status-controle"
[GIN] 2026/06/24 - 10:46:05 | 200 |            0s |             ::1 | GET      "/api/cache"
[GIN] 2026/06/24 - 10:46:06 | 200 |    747.0205ms |             ::1 | GET      "/api/maquinas/1/status-controle"
[GIN] 2026/06/24 - 10:46:10 | 200 |       954.1µs |             ::1 | GET      "/api/cache"
[GIN] 2026/06/24 - 10:46:11 | 200 |    727.7556ms |             ::1 | GET      "/api/maquinas/1/status-controle"
[GIN] 2026/06/24 - 10:46:15 | 200 |            0s |             ::1 | GET      "/api/cache"
[GIN] 2026/06/24 - 10:46:16 | 200 |    722.9454ms |             ::1 | GET      "/api/maquinas/1/status-controle"
[GIN] 2026/06/24 - 10:46:20 | 200 |       825.1µs |             ::1 | GET      "/api/cache"
[GIN] 2026/06/24 - 10:46:21 | 200 |    727.4489ms |             ::1 | GET      "/api/maquinas/1/status-controle"
[GIN] 2026/06/24 - 10:46:25 | 200 |       806.2µs |             ::1 | GET      "/api/cache"
[GIN] 2026/06/24 - 10:46:26 | 200 |    727.1342ms |             ::1 | GET      "/api/maquinas/1/status-controle"
[GIN] 2026/06/24 - 10:46:30 | 200 |            0s |             ::1 | GET      "/api/cache"
[GIN] 2026/06/24 - 10:46:31 | 200 |    724.4414ms |             ::1 | GET      "/api/maquinas/1/status-controle"
[GIN] 2026/06/24 - 10:46:35 | 200 |            0s |             ::1 | GET      "/api/cache"
[GIN] 2026/06/24 - 10:46:36 | 200 |    725.1149ms |             ::1 | GET      "/api/maquinas/1/status-controle"
[GIN] 2026/06/24 - 10:46:40 | 200 |       505.1µs |             ::1 | GET      "/api/cache"
[GIN] 2026/06/24 - 10:46:41 | 200 |    723.9743ms |             ::1 | GET      "/api/maquinas/1/status-controle"
[GIN] 2026/06/24 - 10:46:45 | 200 |            0s |             ::1 | GET      "/api/cache"
[GIN] 2026/06/24 - 10:46:46 | 200 |    727.0698ms |             ::1 | GET      "/api/maquinas/1/status-controle"
[GIN] 2026/06/24 - 10:46:50 | 200 |            0s |             ::1 | GET      "/api/cache"
[GIN] 2026/06/24 - 10:46:51 | 200 |    726.5518ms |             ::1 | GET      "/api/maquinas/1/status-controle"
[GIN] 2026/06/24 - 10:46:55 | 200 |            0s |             ::1 | GET      "/api/cache"
[GIN] 2026/06/24 - 10:46:56 | 200 |     727.015ms |             ::1 | GET      "/api/maquinas/1/status-controle"
[GIN] 2026/06/24 - 10:47:00 | 200 |            0s |             ::1 | GET      "/api/cache"
[GIN] 2026/06/24 - 10:47:01 | 200 |    726.1661ms |             ::1 | GET      "/api/maquinas/1/status-controle"
[GIN] 2026/06/24 - 10:47:05 | 200 |            0s |             ::1 | GET      "/api/cache"
[GIN] 2026/06/24 - 10:47:06 | 200 |     723.477ms |             ::1 | GET      "/api/maquinas/1/status-controle"
[GIN] 2026/06/24 - 10:47:10 | 200 |            0s |             ::1 | GET      "/api/cache"
[GIN] 2026/06/24 - 10:47:11 | 200 |    724.5599ms |             ::1 | GET      "/api/maquinas/1/status-controle"
[GIN] 2026/06/24 - 10:47:15 | 200 |            0s |             ::1 | GET      "/api/cache"
[GIN] 2026/06/24 - 10:47:16 | 200 |    725.4844ms |             ::1 | GET      "/api/maquinas/1/status-controle"
[GIN] 2026/06/24 - 10:47:20 | 200 |            0s |             ::1 | GET      "/api/cache"
[GIN] 2026/06/24 - 10:47:21 | 200 |    724.9038ms |             ::1 | GET      "/api/maquinas/1/status-controle"
[GIN] 2026/06/24 - 10:47:25 | 200 |            0s |             ::1 | GET      "/api/cache"
[GIN] 2026/06/24 - 10:47:26 | 200 |    723.2337ms |             ::1 | GET      "/api/maquinas/1/status-controle"
[GIN] 2026/06/24 - 10:47:30 | 200 |            0s |             ::1 | GET      "/api/cache"
[GIN] 2026/06/24 - 10:47:31 | 200 |    727.6138ms |             ::1 | GET      "/api/maquinas/1/status-controle"
[GIN] 2026/06/24 - 10:47:35 | 200 |            0s |             ::1 | GET      "/api/cache"
[GIN] 2026/06/24 - 10:47:36 | 200 |    727.3431ms |             ::1 | GET      "/api/maquinas/1/status-controle"
[GIN] 2026/06/24 - 10:47:40 | 200 |            0s |             ::1 | GET      "/api/cache"
[GIN] 2026/06/24 - 10:47:41 | 200 |    727.9812ms |             ::1 | GET      "/api/maquinas/1/status-controle"
[GIN] 2026/06/24 - 10:47:45 | 200 |            0s |             ::1 | GET      "/api/cache"
[GIN] 2026/06/24 - 10:47:46 | 200 |    728.3974ms |             ::1 | GET      "/api/maquinas/1/status-controle"
[GIN] 2026/06/24 - 10:47:50 | 200 |            0s |             ::1 | GET      "/api/cache"
[GIN] 2026/06/24 - 10:47:51 | 200 |    724.4074ms |             ::1 | GET      "/api/maquinas/1/status-controle"
[GIN] 2026/06/24 - 10:47:55 | 200 |            0s |             ::1 | GET      "/api/cache"
[GIN] 2026/06/24 - 10:47:56 | 200 |    725.9992ms |             ::1 | GET      "/api/maquinas/1/status-controle"
[GIN] 2026/06/24 - 10:48:00 | 200 |            0s |             ::1 | GET      "/api/cache"
[GIN] 2026/06/24 - 10:48:01 | 200 |     724.125ms |             ::1 | GET      "/api/maquinas/1/status-controle"
[GIN] 2026/06/24 - 10:48:05 | 200 |            0s |             ::1 | GET      "/api/cache"
[GIN] 2026/06/24 - 10:48:06 | 200 |    727.2547ms |             ::1 | GET      "/api/maquinas/1/status-controle"
[GIN] 2026/06/24 - 10:48:10 | 200 |            0s |             ::1 | GET      "/api/cache"
[GIN] 2026/06/24 - 10:48:11 | 200 |    725.8818ms |             ::1 | GET      "/api/maquinas/1/status-controle"
[GIN] 2026/06/24 - 10:48:15 | 200 |            0s |             ::1 | GET      "/api/cache"
[GIN] 2026/06/24 - 10:48:16 | 200 |    724.9105ms |             ::1 | GET      "/api/maquinas/1/status-controle"
[GIN] 2026/06/24 - 10:48:20 | 200 |            0s |             ::1 | GET      "/api/cache"
[GIN] 2026/06/24 - 10:48:21 | 200 |    724.2974ms |             ::1 | GET      "/api/maquinas/1/status-controle"
[GIN] 2026/06/24 - 10:48:25 | 200 |            0s |             ::1 | GET      "/api/cache"
[GIN] 2026/06/24 - 10:48:26 | 200 |    724.6249ms |             ::1 | GET      "/api/maquinas/1/status-controle"
[GIN] 2026/06/24 - 10:48:30 | 200 |            0s |             ::1 | GET      "/api/cache"
[GIN] 2026/06/24 - 10:48:31 | 200 |    728.2136ms |             ::1 | GET      "/api/maquinas/1/status-controle"
[GIN] 2026/06/24 - 10:48:35 | 200 |            0s |             ::1 | GET      "/api/cache"
[GIN] 2026/06/24 - 10:48:36 | 200 |    729.8054ms |             ::1 | GET      "/api/maquinas/1/status-controle"
[GIN] 2026/06/24 - 10:48:40 | 200 |            0s |             ::1 | GET      "/api/cache"
[GIN] 2026/06/24 - 10:48:41 | 200 |    726.9024ms |             ::1 | GET      "/api/maquinas/1/status-controle"
[GIN] 2026/06/24 - 10:48:45 | 200 |            0s |             ::1 | GET      "/api/cache"
[GIN] 2026/06/24 - 10:48:46 | 200 |    727.8147ms |             ::1 | GET      "/api/maquinas/1/status-controle"
[GIN] 2026/06/24 - 10:48:50 | 200 |            0s |             ::1 | GET      "/api/cache"
[GIN] 2026/06/24 - 10:48:51 | 200 |    721.0309ms |             ::1 | GET      "/api/maquinas/1/status-controle"
[GIN] 2026/06/24 - 10:48:55 | 200 |            0s |             ::1 | GET      "/api/cache"
[GIN] 2026/06/24 - 10:48:56 | 200 |    727.3365ms |             ::1 | GET      "/api/maquinas/1/status-controle"
[GIN] 2026/06/24 - 10:49:00 | 200 |            0s |             ::1 | GET      "/api/cache"
[GIN] 2026/06/24 - 10:49:01 | 200 |    725.0145ms |             ::1 | GET      "/api/maquinas/1/status-controle"
[GIN] 2026/06/24 - 10:49:05 | 200 |            0s |             ::1 | GET      "/api/cache"
[GIN] 2026/06/24 - 10:49:06 | 200 |     722.607ms |             ::1 | GET      "/api/maquinas/1/status-controle"
[GIN] 2026/06/24 - 10:49:10 | 200 |            0s |             ::1 | GET      "/api/cache"
[GIN] 2026/06/24 - 10:49:11 | 200 |     724.434ms |             ::1 | GET      "/api/maquinas/1/status-controle"
[GIN] 2026/06/24 - 10:49:15 | 200 |            0s |             ::1 | GET      "/api/cache"
[GIN] 2026/06/24 - 10:49:16 | 200 |    722.6746ms |             ::1 | GET      "/api/maquinas/1/status-controle"
[GIN] 2026/06/24 - 10:49:20 | 200 |            0s |             ::1 | GET      "/api/cache"
[GIN] 2026/06/24 - 10:49:21 | 200 |    728.0652ms |             ::1 | GET      "/api/maquinas/1/status-controle"
[GIN] 2026/06/24 - 10:49:25 | 200 |            0s |             ::1 | GET      "/api/cache"
[GIN] 2026/06/24 - 10:49:26 | 200 |     728.261ms |             ::1 | GET      "/api/maquinas/1/status-controle"
[GIN] 2026/06/24 - 10:49:30 | 200 |            0s |             ::1 | GET      "/api/cache"
[GIN] 2026/06/24 - 10:49:31 | 200 |    725.1284ms |             ::1 | GET      "/api/maquinas/1/status-controle"
[GIN] 2026/06/24 - 10:49:35 | 200 |            0s |             ::1 | GET      "/api/cache"
[GIN] 2026/06/24 - 10:49:36 | 200 |    725.1803ms |             ::1 | GET      "/api/maquinas/1/status-controle"
[GIN] 2026/06/24 - 10:49:40 | 200 |            0s |             ::1 | GET      "/api/cache"
[GIN] 2026/06/24 - 10:49:41 | 200 |    729.0359ms |             ::1 | GET      "/api/maquinas/1/status-controle"
[GIN] 2026/06/24 - 10:49:45 | 200 |            0s |             ::1 | GET      "/api/cache"
[GIN] 2026/06/24 - 10:49:46 | 200 |    725.6978ms |             ::1 | GET      "/api/maquinas/1/status-controle"
[GIN] 2026/06/24 - 10:49:50 | 200 |            0s |             ::1 | GET      "/api/cache"
[GIN] 2026/06/24 - 10:49:51 | 200 |    726.5587ms |             ::1 | GET      "/api/maquinas/1/status-controle"
[GIN] 2026/06/24 - 10:49:55 | 200 |            0s |             ::1 | GET      "/api/cache"
[GIN] 2026/06/24 - 10:49:56 | 200 |    724.1577ms |             ::1 | GET      "/api/maquinas/1/status-controle"
[GIN] 2026/06/24 - 10:50:00 | 200 |            0s |             ::1 | GET      "/api/cache"
[GIN] 2026/06/24 - 10:50:01 | 200 |    726.3511ms |             ::1 | GET      "/api/maquinas/1/status-controle"
[GIN] 2026/06/24 - 10:50:05 | 200 |            0s |             ::1 | GET      "/api/cache"
[GIN] 2026/06/24 - 10:50:06 | 200 |    723.1265ms |             ::1 | GET      "/api/maquinas/1/status-controle"
[GIN] 2026/06/24 - 10:50:10 | 200 |            0s |             ::1 | GET      "/api/cache"
[GIN] 2026/06/24 - 10:50:11 | 200 |    731.1728ms |             ::1 | GET      "/api/maquinas/1/status-controle"
[GIN] 2026/06/24 - 10:50:15 | 200 |      2.9046ms |             ::1 | GET      "/api/cache"
[GIN] 2026/06/24 - 10:50:16 | 200 |    726.8397ms |             ::1 | GET      "/api/maquinas/1/status-controle"
[GIN] 2026/06/24 - 10:50:20 | 200 |            0s |             ::1 | GET      "/api/cache"
[GIN] 2026/06/24 - 10:50:21 | 200 |    726.7446ms |             ::1 | GET      "/api/maquinas/1/status-controle"
[GIN] 2026/06/24 - 10:50:25 | 200 |       355.1µs |             ::1 | GET      "/api/cache"
[GIN] 2026/06/24 - 10:50:26 | 200 |    729.5969ms |             ::1 | GET      "/api/maquinas/1/status-controle"
[GIN] 2026/06/24 - 10:50:30 | 200 |            0s |             ::1 | GET      "/api/cache"
[GIN] 2026/06/24 - 10:50:31 | 200 |    728.2786ms |             ::1 | GET      "/api/maquinas/1/status-controle"
[GIN] 2026/06/24 - 10:50:35 | 200 |            0s |             ::1 | GET      "/api/cache"
[GIN] 2026/06/24 - 10:50:36 | 200 |    729.0322ms |             ::1 | GET      "/api/maquinas/1/status-controle"
[GIN] 2026/06/24 - 10:50:40 | 200 |            0s |             ::1 | GET      "/api/cache"
[GIN] 2026/06/24 - 10:50:41 | 200 |    728.2216ms |             ::1 | GET      "/api/maquinas/1/status-controle"
[GIN] 2026/06/24 - 10:50:45 | 200 |            0s |             ::1 | GET      "/api/cache"
[GIN] 2026/06/24 - 10:50:46 | 200 |    728.3747ms |             ::1 | GET      "/api/maquinas/1/status-controle"
[GIN] 2026/06/24 - 10:50:50 | 200 |            0s |             ::1 | GET      "/api/cache"
[GIN] 2026/06/24 - 10:50:51 | 200 |    728.7628ms |             ::1 | GET      "/api/maquinas/1/status-controle"
[GIN] 2026/06/24 - 10:50:55 | 200 |            0s |             ::1 | GET      "/api/cache"
[GIN] 2026/06/24 - 10:50:56 | 200 |    725.2483ms |             ::1 | GET      "/api/maquinas/1/status-controle"
[GIN] 2026/06/24 - 10:51:00 | 200 |            0s |             ::1 | GET      "/api/cache"
[GIN] 2026/06/24 - 10:51:01 | 200 |    725.0626ms |             ::1 | GET      "/api/maquinas/1/status-controle"
[GIN] 2026/06/24 - 10:51:05 | 200 |            0s |             ::1 | GET      "/api/cache"
[GIN] 2026/06/24 - 10:51:06 | 200 |    724.4934ms |             ::1 | GET      "/api/maquinas/1/status-controle"
[GIN] 2026/06/24 - 10:51:10 | 200 |            0s |             ::1 | GET      "/api/cache"
[GIN] 2026/06/24 - 10:51:11 | 200 |    743.7529ms |             ::1 | GET      "/api/maquinas/1/status-controle"
[GIN] 2026/06/24 - 10:51:15 | 200 |            0s |             ::1 | GET      "/api/cache"
[GIN] 2026/06/24 - 10:51:16 | 200 |    725.0143ms |             ::1 | GET      "/api/maquinas/1/status-controle"
[GIN] 2026/06/24 - 10:51:20 | 200 |            0s |             ::1 | GET      "/api/cache"
[GIN] 2026/06/24 - 10:51:21 | 200 |    728.5399ms |             ::1 | GET      "/api/maquinas/1/status-controle"
[GIN] 2026/06/24 - 10:51:25 | 200 |            0s |             ::1 | GET      "/api/cache"
[GIN] 2026/06/24 - 10:51:26 | 200 |    726.0141ms |             ::1 | GET      "/api/maquinas/1/status-controle"
[GIN] 2026/06/24 - 10:51:30 | 200 |            0s |             ::1 | GET      "/api/cache"
[GIN] 2026/06/24 - 10:51:31 | 200 |    729.6696ms |             ::1 | GET      "/api/maquinas/1/status-controle"
[GIN] 2026/06/24 - 10:51:35 | 200 |            0s |             ::1 | GET      "/api/cache"
[GIN] 2026/06/24 - 10:51:36 | 200 |    725.7861ms |             ::1 | GET      "/api/maquinas/1/status-controle"
[GIN] 2026/06/24 - 10:51:40 | 200 |            0s |             ::1 | GET      "/api/cache"
[GIN] 2026/06/24 - 10:51:41 | 200 |    728.2143ms |             ::1 | GET      "/api/maquinas/1/status-controle"
[GIN] 2026/06/24 - 10:51:45 | 200 |            0s |             ::1 | GET      "/api/cache"
[GIN] 2026/06/24 - 10:51:46 | 200 |    728.5014ms |             ::1 | GET      "/api/maquinas/1/status-controle"
[GIN] 2026/06/24 - 10:51:50 | 200 |            0s |             ::1 | GET      "/api/cache"
[GIN] 2026/06/24 - 10:51:51 | 200 |    727.8676ms |             ::1 | GET      "/api/maquinas/1/status-controle"
[GIN] 2026/06/24 - 10:51:55 | 200 |            0s |             ::1 | GET      "/api/cache"
[GIN] 2026/06/24 - 10:51:56 | 200 |    727.4862ms |             ::1 | GET      "/api/maquinas/1/status-controle"
[GIN] 2026/06/24 - 10:52:00 | 200 |            0s |             ::1 | GET      "/api/cache"
[GIN] 2026/06/24 - 10:52:01 | 200 |    727.4204ms |             ::1 | GET      "/api/maquinas/1/status-controle"
[GIN] 2026/06/24 - 10:52:05 | 200 |            0s |             ::1 | GET      "/api/cache"
[GIN] 2026/06/24 - 10:52:06 | 200 |    725.6768ms |             ::1 | GET      "/api/maquinas/1/status-controle"
[GIN] 2026/06/24 - 10:52:10 | 200 |            0s |             ::1 | GET      "/api/cache"
[GIN] 2026/06/24 - 10:52:11 | 200 |    728.0054ms |             ::1 | GET      "/api/maquinas/1/status-controle"
[GIN] 2026/06/24 - 10:52:15 | 200 |       547.9µs |             ::1 | GET      "/api/cache"
[GIN] 2026/06/24 - 10:52:16 | 200 |    723.9879ms |             ::1 | GET      "/api/maquinas/1/status-controle"
[GIN] 2026/06/24 - 10:52:20 | 200 |            0s |             ::1 | GET      "/api/cache"
[GIN] 2026/06/24 - 10:52:21 | 200 |    726.6435ms |             ::1 | GET      "/api/maquinas/1/status-controle"
[GIN] 2026/06/24 - 10:52:25 | 200 |            0s |             ::1 | GET      "/api/cache"
[GIN] 2026/06/24 - 10:52:26 | 200 |    725.2994ms |             ::1 | GET      "/api/maquinas/1/status-controle"
[GIN] 2026/06/24 - 10:52:30 | 200 |            0s |             ::1 | GET      "/api/cache"
[GIN] 2026/06/24 - 10:52:31 | 200 |     727.234ms |             ::1 | GET      "/api/maquinas/1/status-controle"
[GIN] 2026/06/24 - 10:52:35 | 200 |            0s |             ::1 | GET      "/api/cache"
[GIN] 2026/06/24 - 10:52:36 | 200 |    728.8452ms |             ::1 | GET      "/api/maquinas/1/status-controle"
[GIN] 2026/06/24 - 10:52:40 | 200 |            0s |             ::1 | GET      "/api/cache"
[GIN] 2026/06/24 - 10:52:41 | 200 |    730.8408ms |             ::1 | GET      "/api/maquinas/1/status-controle"
[GIN] 2026/06/24 - 10:52:45 | 200 |            0s |             ::1 | GET      "/api/cache"
[GIN] 2026/06/24 - 10:52:46 | 200 |    724.3363ms |             ::1 | GET      "/api/maquinas/1/status-controle"
[GIN] 2026/06/24 - 10:52:50 | 200 |         817µs |             ::1 | GET      "/api/cache"
[GIN] 2026/06/24 - 10:52:51 | 200 |    728.0812ms |             ::1 | GET      "/api/maquinas/1/status-controle"
[GIN] 2026/06/24 - 10:52:55 | 200 |            0s |             ::1 | GET      "/api/cache"
[GIN] 2026/06/24 - 10:52:56 | 200 |    726.2895ms |             ::1 | GET      "/api/maquinas/1/status-controle"
[GIN] 2026/06/24 - 10:53:00 | 200 |            0s |             ::1 | GET      "/api/cache"
[GIN] 2026/06/24 - 10:53:01 | 200 |    723.7812ms |             ::1 | GET      "/api/maquinas/1/status-controle"
[GIN] 2026/06/24 - 10:53:05 | 200 |            0s |             ::1 | GET      "/api/cache"
[GIN] 2026/06/24 - 10:53:06 | 200 |    730.3029ms |             ::1 | GET      "/api/maquinas/1/status-controle"
[GIN] 2026/06/24 - 10:53:10 | 200 |            0s |             ::1 | GET      "/api/cache"
[GIN] 2026/06/24 - 10:53:11 | 200 |     727.696ms |             ::1 | GET      "/api/maquinas/1/status-controle"
[GIN] 2026/06/24 - 10:53:15 | 200 |            0s |             ::1 | GET      "/api/cache"
[GIN] 2026/06/24 - 10:53:16 | 200 |    730.4771ms |             ::1 | GET      "/api/maquinas/1/status-controle"
[GIN] 2026/06/24 - 10:53:20 | 200 |            0s |             ::1 | GET      "/api/cache"
[GIN] 2026/06/24 - 10:53:21 | 200 |    728.7368ms |             ::1 | GET      "/api/maquinas/1/status-controle"
[GIN] 2026/06/24 - 10:53:25 | 200 |            0s |             ::1 | GET      "/api/cache"
[GIN] 2026/06/24 - 10:53:26 | 200 |    726.6026ms |             ::1 | GET      "/api/maquinas/1/status-controle"
[GIN] 2026/06/24 - 10:53:30 | 200 |            0s |             ::1 | GET      "/api/cache"
[GIN] 2026/06/24 - 10:53:31 | 200 |    725.9206ms |             ::1 | GET      "/api/maquinas/1/status-controle"
[GIN] 2026/06/24 - 10:53:35 | 200 |       787.7µs |             ::1 | GET      "/api/cache"
[GIN] 2026/06/24 - 10:53:36 | 200 |    728.6412ms |             ::1 | GET      "/api/maquinas/1/status-controle"
[GIN] 2026/06/24 - 10:53:40 | 200 |            0s |             ::1 | GET      "/api/cache"
[GIN] 2026/06/24 - 10:53:41 | 200 |    726.7567ms |             ::1 | GET      "/api/maquinas/1/status-controle"
[GIN] 2026/06/24 - 10:53:45 | 200 |            0s |             ::1 | GET      "/api/cache"
[GIN] 2026/06/24 - 10:53:46 | 200 |    724.9887ms |             ::1 | GET      "/api/maquinas/1/status-controle"
[GIN] 2026/06/24 - 10:53:50 | 200 |            0s |             ::1 | GET      "/api/cache"
[GIN] 2026/06/24 - 10:53:51 | 200 |    724.7188ms |             ::1 | GET      "/api/maquinas/1/status-controle"
[GIN] 2026/06/24 - 10:53:55 | 200 |       648.6µs |             ::1 | GET      "/api/cache"
[GIN] 2026/06/24 - 10:53:56 | 200 |    731.9215ms |             ::1 | GET      "/api/maquinas/1/status-controle"
[GIN] 2026/06/24 - 10:54:00 | 200 |            0s |             ::1 | GET      "/api/cache"
[GIN] 2026/06/24 - 10:54:01 | 200 |    727.7618ms |             ::1 | GET      "/api/maquinas/1/status-controle"
[GIN] 2026/06/24 - 10:54:05 | 200 |            0s |             ::1 | GET      "/api/cache"
[GIN] 2026/06/24 - 10:54:06 | 200 |    728.3018ms |             ::1 | GET      "/api/maquinas/1/status-controle"
[GIN] 2026/06/24 - 10:54:10 | 200 |            0s |             ::1 | GET      "/api/cache"
[GIN] 2026/06/24 - 10:54:11 | 200 |     727.084ms |             ::1 | GET      "/api/maquinas/1/status-controle"
[GIN] 2026/06/24 - 10:54:15 | 200 |            0s |             ::1 | GET      "/api/cache"
[GIN] 2026/06/24 - 10:54:16 | 200 |    723.5354ms |             ::1 | GET      "/api/maquinas/1/status-controle"
[GIN] 2026/06/24 - 10:54:20 | 200 |            0s |             ::1 | GET      "/api/cache"
[GIN] 2026/06/24 - 10:54:21 | 200 |    726.1973ms |             ::1 | GET      "/api/maquinas/1/status-controle"
[GIN] 2026/06/24 - 10:54:25 | 200 |            0s |             ::1 | GET      "/api/cache"
[GIN] 2026/06/24 - 10:54:26 | 200 |    727.1399ms |             ::1 | GET      "/api/maquinas/1/status-controle"
[GIN] 2026/06/24 - 10:54:30 | 200 |            0s |             ::1 | GET      "/api/cache"
[GIN] 2026/06/24 - 10:54:31 | 200 |    732.2897ms |             ::1 | GET      "/api/maquinas/1/status-controle"
[GIN] 2026/06/24 - 10:54:35 | 200 |       895.9µs |             ::1 | GET      "/api/cache"
[GIN] 2026/06/24 - 10:54:36 | 200 |    719.7564ms |             ::1 | GET      "/api/maquinas/1/status-controle"
[GIN] 2026/06/24 - 10:54:40 | 200 |            0s |             ::1 | GET      "/api/cache"
[GIN] 2026/06/24 - 10:54:41 | 200 |    724.1999ms |             ::1 | GET      "/api/maquinas/1/status-controle"
[GIN] 2026/06/24 - 10:54:45 | 200 |            0s |             ::1 | GET      "/api/cache"
[GIN] 2026/06/24 - 10:54:46 | 200 |    729.4521ms |             ::1 | GET      "/api/maquinas/1/status-controle"
[GIN] 2026/06/24 - 10:54:50 | 200 |      1.0526ms |             ::1 | GET      "/api/cache"
[GIN] 2026/06/24 - 10:54:51 | 200 |    725.9614ms |             ::1 | GET      "/api/maquinas/1/status-controle"
[GIN] 2026/06/24 - 10:54:55 | 200 |            0s |             ::1 | GET      "/api/cache"
[GIN] 2026/06/24 - 10:54:56 | 200 |     720.064ms |             ::1 | GET      "/api/maquinas/1/status-controle"
[GIN] 2026/06/24 - 10:55:00 | 200 |            0s |             ::1 | GET      "/api/cache"
[GIN] 2026/06/24 - 10:55:01 | 200 |    729.4317ms |             ::1 | GET      "/api/maquinas/1/status-controle"
[GIN] 2026/06/24 - 10:55:05 | 200 |            0s |             ::1 | GET      "/api/cache"
[GIN] 2026/06/24 - 10:55:06 | 200 |    728.9609ms |             ::1 | GET      "/api/maquinas/1/status-controle"
[GIN] 2026/06/24 - 10:55:10 | 200 |            0s |             ::1 | GET      "/api/cache"
[GIN] 2026/06/24 - 10:55:11 | 200 |    725.5797ms |             ::1 | GET      "/api/maquinas/1/status-controle"
[GIN] 2026/06/24 - 10:55:15 | 200 |            0s |             ::1 | GET      "/api/cache"
[GIN] 2026/06/24 - 10:55:16 | 200 |     726.094ms |             ::1 | GET      "/api/maquinas/1/status-controle"
[GIN] 2026/06/24 - 10:55:20 | 200 |            0s |             ::1 | GET      "/api/cache"
[GIN] 2026/06/24 - 10:55:21 | 200 |    724.3843ms |             ::1 | GET      "/api/maquinas/1/status-controle"
[GIN] 2026/06/24 - 10:55:25 | 200 |            0s |             ::1 | GET      "/api/cache"
[GIN] 2026/06/24 - 10:55:26 | 200 |      728.49ms |             ::1 | GET      "/api/maquinas/1/status-controle"
[GIN] 2026/06/24 - 10:55:30 | 200 |            0s |             ::1 | GET      "/api/cache"
[GIN] 2026/06/24 - 10:55:31 | 200 |    728.0813ms |             ::1 | GET      "/api/maquinas/1/status-controle"
[GIN] 2026/06/24 - 10:55:35 | 200 |            0s |             ::1 | GET      "/api/cache"
[GIN] 2026/06/24 - 10:55:36 | 200 |     721.696ms |             ::1 | GET      "/api/maquinas/1/status-controle"
[GIN] 2026/06/24 - 10:55:40 | 200 |            0s |             ::1 | GET      "/api/cache"
[GIN] 2026/06/24 - 10:55:41 | 200 |    727.4869ms |             ::1 | GET      "/api/maquinas/1/status-controle"
[GIN] 2026/06/24 - 10:55:45 | 200 |            0s |             ::1 | GET      "/api/cache"
[GIN] 2026/06/24 - 10:55:46 | 200 |    726.8822ms |             ::1 | GET      "/api/maquinas/1/status-controle"
[GIN] 2026/06/24 - 10:55:50 | 200 |            0s |             ::1 | GET      "/api/cache"
[GIN] 2026/06/24 - 10:55:51 | 200 |    725.5876ms |             ::1 | GET      "/api/maquinas/1/status-controle"
[GIN] 2026/06/24 - 10:55:55 | 200 |            0s |             ::1 | GET      "/api/cache"
[GIN] 2026/06/24 - 10:55:56 | 200 |    728.7506ms |             ::1 | GET      "/api/maquinas/1/status-controle"
[GIN] 2026/06/24 - 10:56:00 | 200 |            0s |             ::1 | GET      "/api/cache"
[GIN] 2026/06/24 - 10:56:01 | 200 |    729.1857ms |             ::1 | GET      "/api/maquinas/1/status-controle"
[GIN] 2026/06/24 - 10:56:05 | 200 |            0s |             ::1 | GET      "/api/cache"
[GIN] 2026/06/24 - 10:56:06 | 200 |    725.0276ms |             ::1 | GET      "/api/maquinas/1/status-controle"
[GIN] 2026/06/24 - 10:56:10 | 200 |            0s |             ::1 | GET      "/api/cache"
[GIN] 2026/06/24 - 10:56:11 | 200 |    727.0703ms |             ::1 | GET      "/api/maquinas/1/status-controle"
[GIN] 2026/06/24 - 10:56:15 | 200 |            0s |             ::1 | GET      "/api/cache"
[GIN] 2026/06/24 - 10:56:16 | 200 |    741.8437ms |             ::1 | GET      "/api/maquinas/1/status-controle"
[GIN] 2026/06/24 - 10:56:20 | 200 |            0s |             ::1 | GET      "/api/cache"
[GIN] 2026/06/24 - 10:56:21 | 200 |    727.5592ms |             ::1 | GET      "/api/maquinas/1/status-controle"
[GIN] 2026/06/24 - 10:56:25 | 200 |            0s |             ::1 | GET      "/api/cache"
[GIN] 2026/06/24 - 10:56:26 | 200 |    730.5187ms |             ::1 | GET      "/api/maquinas/1/status-controle"
[GIN] 2026/06/24 - 10:56:30 | 200 |       471.5µs |             ::1 | GET      "/api/cache"
[GIN] 2026/06/24 - 10:56:31 | 200 |    727.7552ms |             ::1 | GET      "/api/maquinas/1/status-controle"
[GIN] 2026/06/24 - 10:56:35 | 200 |            0s |             ::1 | GET      "/api/cache"
[GIN] 2026/06/24 - 10:56:36 | 200 |    728.2961ms |             ::1 | GET      "/api/maquinas/1/status-controle"
[GIN] 2026/06/24 - 10:56:40 | 200 |            0s |             ::1 | GET      "/api/cache"
[GIN] 2026/06/24 - 10:56:41 | 200 |    728.2245ms |             ::1 | GET      "/api/maquinas/1/status-controle"
[GIN] 2026/06/24 - 10:56:45 | 200 |            0s |             ::1 | GET      "/api/cache"
[GIN] 2026/06/24 - 10:56:46 | 200 |    726.0603ms |             ::1 | GET      "/api/maquinas/1/status-controle"
[GIN] 2026/06/24 - 10:56:50 | 200 |            0s |             ::1 | GET      "/api/cache"
[GIN] 2026/06/24 - 10:56:51 | 200 |    725.7328ms |             ::1 | GET      "/api/maquinas/1/status-controle"
[GIN] 2026/06/24 - 10:56:55 | 200 |            0s |             ::1 | GET      "/api/cache"
[GIN] 2026/06/24 - 10:56:56 | 200 |    723.5933ms |             ::1 | GET      "/api/maquinas/1/status-controle"
[GIN] 2026/06/24 - 10:57:00 | 200 |            0s |             ::1 | GET      "/api/cache"
[GIN] 2026/06/24 - 10:57:01 | 200 |     731.605ms |             ::1 | GET      "/api/maquinas/1/status-controle"
[GIN] 2026/06/24 - 10:57:05 | 200 |            0s |             ::1 | GET      "/api/cache"
[GIN] 2026/06/24 - 10:57:06 | 200 |    731.3922ms |             ::1 | GET      "/api/maquinas/1/status-controle"
[GIN] 2026/06/24 - 10:57:10 | 200 |            0s |             ::1 | GET      "/api/cache"
[GIN] 2026/06/24 - 10:57:11 | 200 |    723.7272ms |             ::1 | GET      "/api/maquinas/1/status-controle"
[GIN] 2026/06/24 - 10:57:15 | 200 |            0s |             ::1 | GET      "/api/cache"
[GIN] 2026/06/24 - 10:57:16 | 200 |    728.4445ms |             ::1 | GET      "/api/maquinas/1/status-controle"
[GIN] 2026/06/24 - 10:57:20 | 200 |            0s |             ::1 | GET      "/api/cache"
[GIN] 2026/06/24 - 10:57:21 | 200 |    728.1352ms |             ::1 | GET      "/api/maquinas/1/status-controle"
[GIN] 2026/06/24 - 10:57:25 | 200 |            0s |             ::1 | GET      "/api/cache"
[GIN] 2026/06/24 - 10:57:26 | 200 |     725.612ms |             ::1 | GET      "/api/maquinas/1/status-controle"
[GIN] 2026/06/24 - 10:57:30 | 200 |            0s |             ::1 | GET      "/api/cache"
[GIN] 2026/06/24 - 10:57:31 | 200 |    729.3319ms |             ::1 | GET      "/api/maquinas/1/status-controle"
[GIN] 2026/06/24 - 10:57:35 | 200 |            0s |             ::1 | GET      "/api/cache"
[GIN] 2026/06/24 - 10:57:36 | 200 |    725.7936ms |             ::1 | GET      "/api/maquinas/1/status-controle"
[GIN] 2026/06/24 - 10:57:40 | 200 |            0s |             ::1 | GET      "/api/cache"
[GIN] 2026/06/24 - 10:57:41 | 200 |    724.4028ms |             ::1 | GET      "/api/maquinas/1/status-controle"
[GIN] 2026/06/24 - 10:57:45 | 200 |            0s |             ::1 | GET      "/api/cache"
[GIN] 2026/06/24 - 10:57:46 | 200 |    728.6467ms |             ::1 | GET      "/api/maquinas/1/status-controle"
[GIN] 2026/06/24 - 10:57:50 | 200 |            0s |             ::1 | GET      "/api/cache"
[GIN] 2026/06/24 - 10:57:51 | 200 |    727.1096ms |             ::1 | GET      "/api/maquinas/1/status-controle"
[GIN] 2026/06/24 - 10:57:55 | 200 |            0s |             ::1 | GET      "/api/cache"
[GIN] 2026/06/24 - 10:57:56 | 200 |    726.2034ms |             ::1 | GET      "/api/maquinas/1/status-controle"
[GIN] 2026/06/24 - 10:58:00 | 200 |            0s |             ::1 | GET      "/api/cache"
[GIN] 2026/06/24 - 10:58:01 | 200 |    728.4435ms |             ::1 | GET      "/api/maquinas/1/status-controle"
[GIN] 2026/06/24 - 10:58:05 | 200 |            0s |             ::1 | GET      "/api/cache"
[GIN] 2026/06/24 - 10:58:06 | 200 |    730.1179ms |             ::1 | GET      "/api/maquinas/1/status-controle"
[GIN] 2026/06/24 - 10:58:10 | 200 |            0s |             ::1 | GET      "/api/cache"
[GIN] 2026/06/24 - 10:58:11 | 200 |    726.2051ms |             ::1 | GET      "/api/maquinas/1/status-controle"
[GIN] 2026/06/24 - 10:58:15 | 200 |            0s |             ::1 | GET      "/api/cache"
[GIN] 2026/06/24 - 10:58:16 | 200 |    730.0324ms |             ::1 | GET      "/api/maquinas/1/status-controle"
[GIN] 2026/06/24 - 10:58:20 | 200 |            0s |             ::1 | GET      "/api/cache"
[GIN] 2026/06/24 - 10:58:21 | 200 |    725.2506ms |             ::1 | GET      "/api/maquinas/1/status-controle"
[GIN] 2026/06/24 - 10:58:25 | 200 |            0s |             ::1 | GET      "/api/cache"
[GIN] 2026/06/24 - 10:58:26 | 200 |    725.1644ms |             ::1 | GET      "/api/maquinas/1/status-controle"
[GIN] 2026/06/24 - 10:58:30 | 200 |            0s |             ::1 | GET      "/api/cache"
[GIN] 2026/06/24 - 10:58:31 | 200 |    729.7131ms |             ::1 | GET      "/api/maquinas/1/status-controle"
[GIN] 2026/06/24 - 10:58:35 | 200 |         539µs |             ::1 | GET      "/api/cache"
[GIN] 2026/06/24 - 10:58:36 | 200 |    728.4704ms |             ::1 | GET      "/api/maquinas/1/status-controle"
[GIN] 2026/06/24 - 10:58:40 | 200 |            0s |             ::1 | GET      "/api/cache"
[GIN] 2026/06/24 - 10:58:41 | 200 |    724.6228ms |             ::1 | GET      "/api/maquinas/1/status-controle"
[GIN] 2026/06/24 - 10:58:45 | 200 |            0s |             ::1 | GET      "/api/cache"
[GIN] 2026/06/24 - 10:58:46 | 200 |    727.8897ms |             ::1 | GET      "/api/maquinas/1/status-controle"
[GIN] 2026/06/24 - 10:58:50 | 200 |         643µs |             ::1 | GET      "/api/cache"
[GIN] 2026/06/24 - 10:58:51 | 200 |    728.6726ms |             ::1 | GET      "/api/maquinas/1/status-controle"
[GIN] 2026/06/24 - 10:58:55 | 200 |            0s |             ::1 | GET      "/api/cache"
[GIN] 2026/06/24 - 10:58:56 | 200 |    727.9733ms |             ::1 | GET      "/api/maquinas/1/status-controle"
[GIN] 2026/06/24 - 10:59:00 | 200 |            0s |             ::1 | GET      "/api/cache"
[GIN] 2026/06/24 - 10:59:01 | 200 |    727.7729ms |             ::1 | GET      "/api/maquinas/1/status-controle"
[GIN] 2026/06/24 - 10:59:05 | 200 |            0s |             ::1 | GET      "/api/cache"
[GIN] 2026/06/24 - 10:59:06 | 200 |    731.8202ms |             ::1 | GET      "/api/maquinas/1/status-controle"
[GIN] 2026/06/24 - 10:59:10 | 200 |         671µs |             ::1 | GET      "/api/cache"
[GIN] 2026/06/24 - 10:59:11 | 200 |    728.5903ms |             ::1 | GET      "/api/maquinas/1/status-controle"
[GIN] 2026/06/24 - 10:59:15 | 200 |            0s |             ::1 | GET      "/api/cache"
[GIN] 2026/06/24 - 10:59:16 | 200 |      730.18ms |             ::1 | GET      "/api/maquinas/1/status-controle"
[GIN] 2026/06/24 - 10:59:20 | 200 |            0s |             ::1 | GET      "/api/cache"
[GIN] 2026/06/24 - 10:59:21 | 200 |    727.3901ms |             ::1 | GET      "/api/maquinas/1/status-controle"
[GIN] 2026/06/24 - 10:59:25 | 200 |            0s |             ::1 | GET      "/api/cache"
[GIN] 2026/06/24 - 10:59:26 | 200 |    725.7331ms |             ::1 | GET      "/api/maquinas/1/status-controle"
[GIN] 2026/06/24 - 10:59:30 | 200 |            0s |             ::1 | GET      "/api/cache"
[GIN] 2026/06/24 - 10:59:31 | 200 |    725.8422ms |             ::1 | GET      "/api/maquinas/1/status-controle"
[GIN] 2026/06/24 - 10:59:35 | 200 |            0s |             ::1 | GET      "/api/cache"
[GIN] 2026/06/24 - 10:59:36 | 200 |    726.1625ms |             ::1 | GET      "/api/maquinas/1/status-controle"
[GIN] 2026/06/24 - 10:59:40 | 200 |            0s |             ::1 | GET      "/api/cache"
[GIN] 2026/06/24 - 10:59:41 | 200 |    726.3899ms |             ::1 | GET      "/api/maquinas/1/status-controle"
[GIN] 2026/06/24 - 10:59:45 | 200 |            0s |             ::1 | GET      "/api/cache"
[GIN] 2026/06/24 - 10:59:46 | 200 |    724.1382ms |             ::1 | GET      "/api/maquinas/1/status-controle"
[GIN] 2026/06/24 - 10:59:50 | 200 |            0s |             ::1 | GET      "/api/cache"
[GIN] 2026/06/24 - 10:59:51 | 200 |    724.7964ms |             ::1 | GET      "/api/maquinas/1/status-controle"
[GIN] 2026/06/24 - 10:59:55 | 200 |            0s |             ::1 | GET      "/api/cache"
[GIN] 2026/06/24 - 10:59:56 | 200 |    731.6024ms |             ::1 | GET      "/api/maquinas/1/status-controle"
[GIN] 2026/06/24 - 11:00:00 | 200 |            0s |             ::1 | GET      "/api/cache"
[GIN] 2026/06/24 - 11:00:01 | 200 |    725.6112ms |             ::1 | GET      "/api/maquinas/1/status-controle"
[GIN] 2026/06/24 - 11:00:05 | 200 |            0s |             ::1 | GET      "/api/cache"
[GIN] 2026/06/24 - 11:00:06 | 200 |    727.3744ms |             ::1 | GET      "/api/maquinas/1/status-controle"
[GIN] 2026/06/24 - 11:00:10 | 200 |            0s |             ::1 | GET      "/api/cache"
[GIN] 2026/06/24 - 11:00:11 | 200 |    725.4412ms |             ::1 | GET      "/api/maquinas/1/status-controle"
[GIN] 2026/06/24 - 11:00:15 | 200 |            0s |             ::1 | GET      "/api/cache"
[GIN] 2026/06/24 - 11:00:16 | 200 |    726.3222ms |             ::1 | GET      "/api/maquinas/1/status-controle"
[GIN] 2026/06/24 - 11:00:20 | 200 |            0s |             ::1 | GET      "/api/cache"
[GIN] 2026/06/24 - 11:00:21 | 200 |    728.7978ms |             ::1 | GET      "/api/maquinas/1/status-controle"
[GIN] 2026/06/24 - 11:00:25 | 200 |            0s |             ::1 | GET      "/api/cache"
[GIN] 2026/06/24 - 11:00:26 | 200 |    727.1125ms |             ::1 | GET      "/api/maquinas/1/status-controle"
[GIN] 2026/06/24 - 11:00:30 | 200 |            0s |             ::1 | GET      "/api/cache"
[GIN] 2026/06/24 - 11:00:31 | 200 |    732.7673ms |             ::1 | GET      "/api/maquinas/1/status-controle"
[GIN] 2026/06/24 - 11:00:35 | 200 |            0s |             ::1 | GET      "/api/cache"
[GIN] 2026/06/24 - 11:00:36 | 200 |    731.5744ms |             ::1 | GET      "/api/maquinas/1/status-controle"
[GIN] 2026/06/24 - 11:00:40 | 200 |            0s |             ::1 | GET      "/api/cache"
[GIN] 2026/06/24 - 11:00:41 | 200 |    724.9575ms |             ::1 | GET      "/api/maquinas/1/status-controle"
[GIN] 2026/06/24 - 11:00:45 | 200 |            0s |             ::1 | GET      "/api/cache"
[GIN] 2026/06/24 - 11:00:46 | 200 |    722.5244ms |             ::1 | GET      "/api/maquinas/1/status-controle"
[GIN] 2026/06/24 - 11:00:50 | 200 |            0s |             ::1 | GET      "/api/cache"
[GIN] 2026/06/24 - 11:00:51 | 200 |    722.7472ms |             ::1 | GET      "/api/maquinas/1/status-controle"
[GIN] 2026/06/24 - 11:00:55 | 200 |            0s |             ::1 | GET      "/api/cache"
[GIN] 2026/06/24 - 11:00:56 | 200 |    730.3045ms |             ::1 | GET      "/api/maquinas/1/status-controle"
[GIN] 2026/06/24 - 11:01:00 | 200 |      1.6624ms |             ::1 | GET      "/api/cache"
[GIN] 2026/06/24 - 11:01:01 | 200 |    727.9999ms |             ::1 | GET      "/api/maquinas/1/status-controle"
[GIN] 2026/06/24 - 11:01:05 | 200 |            0s |             ::1 | GET      "/api/cache"
[GIN] 2026/06/24 - 11:01:06 | 200 |    724.6195ms |             ::1 | GET      "/api/maquinas/1/status-controle"
[GIN] 2026/06/24 - 11:01:10 | 200 |            0s |             ::1 | GET      "/api/cache"
[GIN] 2026/06/24 - 11:01:11 | 200 |    723.7157ms |             ::1 | GET      "/api/maquinas/1/status-controle"
[GIN] 2026/06/24 - 11:01:15 | 200 |            0s |             ::1 | GET      "/api/cache"
[GIN] 2026/06/24 - 11:01:16 | 200 |    722.7476ms |             ::1 | GET      "/api/maquinas/1/status-controle"
[GIN] 2026/06/24 - 11:01:20 | 200 |            0s |             ::1 | GET      "/api/cache"
[GIN] 2026/06/24 - 11:01:21 | 200 |    741.2014ms |             ::1 | GET      "/api/maquinas/1/status-controle"
[GIN] 2026/06/24 - 11:01:25 | 200 |            0s |             ::1 | GET      "/api/cache"
[GIN] 2026/06/24 - 11:01:26 | 200 |    728.9047ms |             ::1 | GET      "/api/maquinas/1/status-controle"
[GIN] 2026/06/24 - 11:01:30 | 200 |            0s |             ::1 | GET      "/api/cache"
[GIN] 2026/06/24 - 11:01:31 | 200 |    728.8753ms |             ::1 | GET      "/api/maquinas/1/status-controle"
[GIN] 2026/06/24 - 11:01:35 | 200 |            0s |             ::1 | GET      "/api/cache"
[GIN] 2026/06/24 - 11:01:36 | 200 |    728.0652ms |             ::1 | GET      "/api/maquinas/1/status-controle"
[GIN] 2026/06/24 - 11:01:40 | 200 |            0s |             ::1 | GET      "/api/cache"
[GIN] 2026/06/24 - 11:01:41 | 200 |    724.5888ms |             ::1 | GET      "/api/maquinas/1/status-controle"
[GIN] 2026/06/24 - 11:01:45 | 200 |            0s |             ::1 | GET      "/api/cache"
[GIN] 2026/06/24 - 11:01:46 | 200 |    728.4555ms |             ::1 | GET      "/api/maquinas/1/status-controle"
[GIN] 2026/06/24 - 11:01:50 | 200 |            0s |             ::1 | GET      "/api/cache"
[GIN] 2026/06/24 - 11:01:51 | 200 |    732.6053ms |             ::1 | GET      "/api/maquinas/1/status-controle"
[GIN] 2026/06/24 - 11:01:55 | 200 |            0s |             ::1 | GET      "/api/cache"
[GIN] 2026/06/24 - 11:01:56 | 200 |    728.8178ms |             ::1 | GET      "/api/maquinas/1/status-controle"
[GIN] 2026/06/24 - 11:02:00 | 200 |            0s |             ::1 | GET      "/api/cache"
[GIN] 2026/06/24 - 11:02:01 | 200 |    731.2155ms |             ::1 | GET      "/api/maquinas/1/status-controle"
[GIN] 2026/06/24 - 11:02:05 | 200 |            0s |             ::1 | GET      "/api/cache"
[GIN] 2026/06/24 - 11:02:06 | 200 |     729.268ms |             ::1 | GET      "/api/maquinas/1/status-controle"
[GIN] 2026/06/24 - 11:02:10 | 200 |      1.1338ms |             ::1 | GET      "/api/cache"
[GIN] 2026/06/24 - 11:02:11 | 200 |    733.6975ms |             ::1 | GET      "/api/maquinas/1/status-controle"
[GIN] 2026/06/24 - 11:02:15 | 200 |       618.9µs |             ::1 | GET      "/api/cache"
[GIN] 2026/06/24 - 11:02:16 | 200 |    722.1896ms |             ::1 | GET      "/api/maquinas/1/status-controle"
[GIN] 2026/06/24 - 11:02:20 | 200 |            0s |             ::1 | GET      "/api/cache"
[GIN] 2026/06/24 - 11:02:21 | 200 |    729.9084ms |             ::1 | GET      "/api/maquinas/1/status-controle"
[GIN] 2026/06/24 - 11:02:25 | 200 |            0s |             ::1 | GET      "/api/cache"
[GIN] 2026/06/24 - 11:02:26 | 200 |    728.7574ms |             ::1 | GET      "/api/maquinas/1/status-controle"
[GIN] 2026/06/24 - 11:02:30 | 200 |            0s |             ::1 | GET      "/api/cache"
[GIN] 2026/06/24 - 11:02:31 | 200 |    731.5861ms |             ::1 | GET      "/api/maquinas/1/status-controle"
[GIN] 2026/06/24 - 11:02:35 | 200 |            0s |             ::1 | GET      "/api/cache"
[GIN] 2026/06/24 - 11:02:36 | 200 |    725.8012ms |             ::1 | GET      "/api/maquinas/1/status-controle"
[GIN] 2026/06/24 - 11:02:40 | 200 |            0s |             ::1 | GET      "/api/cache"
[GIN] 2026/06/24 - 11:02:41 | 200 |    725.9973ms |             ::1 | GET      "/api/maquinas/1/status-controle"
[GIN] 2026/06/24 - 11:02:45 | 200 |            0s |             ::1 | GET      "/api/cache"
[GIN] 2026/06/24 - 11:02:46 | 200 |    726.9628ms |             ::1 | GET      "/api/maquinas/1/status-controle"
[GIN] 2026/06/24 - 11:02:50 | 200 |            0s |             ::1 | GET      "/api/cache"
[GIN] 2026/06/24 - 11:02:51 | 200 |    726.2191ms |             ::1 | GET      "/api/maquinas/1/status-controle"
[GIN] 2026/06/24 - 11:02:55 | 200 |            0s |             ::1 | GET      "/api/cache"
[GIN] 2026/06/24 - 11:02:56 | 200 |    721.6047ms |             ::1 | GET      "/api/maquinas/1/status-controle"
[GIN] 2026/06/24 - 11:03:00 | 200 |            0s |             ::1 | GET      "/api/cache"
[GIN] 2026/06/24 - 11:03:01 | 200 |    727.9891ms |             ::1 | GET      "/api/maquinas/1/status-controle"
[GIN] 2026/06/24 - 11:03:05 | 200 |            0s |             ::1 | GET      "/api/cache"
[GIN] 2026/06/24 - 11:03:06 | 200 |    728.6685ms |             ::1 | GET      "/api/maquinas/1/status-controle"
[GIN] 2026/06/24 - 11:03:10 | 200 |            0s |             ::1 | GET      "/api/cache"
[GIN] 2026/06/24 - 11:03:11 | 200 |    726.3308ms |             ::1 | GET      "/api/maquinas/1/status-controle"
[GIN] 2026/06/24 - 11:03:15 | 200 |            0s |             ::1 | GET      "/api/cache"
[GIN] 2026/06/24 - 11:03:16 | 200 |    727.4454ms |             ::1 | GET      "/api/maquinas/1/status-controle"
[GIN] 2026/06/24 - 11:03:20 | 200 |            0s |             ::1 | GET      "/api/cache"
[GIN] 2026/06/24 - 11:03:21 | 200 |    726.4818ms |             ::1 | GET      "/api/maquinas/1/status-controle"
[GIN] 2026/06/24 - 11:03:25 | 200 |            0s |             ::1 | GET      "/api/cache"
[GIN] 2026/06/24 - 11:03:26 | 200 |    726.1955ms |             ::1 | GET      "/api/maquinas/1/status-controle"
[GIN] 2026/06/24 - 11:03:30 | 200 |       1.767ms |             ::1 | GET      "/api/cache"
[GIN] 2026/06/24 - 11:03:31 | 200 |    729.2647ms |             ::1 | GET      "/api/maquinas/1/status-controle"
[GIN] 2026/06/24 - 11:03:35 | 200 |       711.8µs |             ::1 | GET      "/api/cache"
[GIN] 2026/06/24 - 11:03:36 | 200 |    727.9436ms |             ::1 | GET      "/api/maquinas/1/status-controle"
[GIN] 2026/06/24 - 11:03:40 | 200 |            0s |             ::1 | GET      "/api/cache"
[GIN] 2026/06/24 - 11:03:41 | 200 |    732.1532ms |             ::1 | GET      "/api/maquinas/1/status-controle"
[GIN] 2026/06/24 - 11:03:45 | 200 |            0s |             ::1 | GET      "/api/cache"
[GIN] 2026/06/24 - 11:03:46 | 200 |    725.3547ms |             ::1 | GET      "/api/maquinas/1/status-controle"
[GIN] 2026/06/24 - 11:03:50 | 200 |            0s |             ::1 | GET      "/api/cache"
[GIN] 2026/06/24 - 11:03:51 | 200 |    732.8848ms |             ::1 | GET      "/api/maquinas/1/status-controle"
[GIN] 2026/06/24 - 11:03:55 | 200 |            0s |             ::1 | GET      "/api/cache"
[GIN] 2026/06/24 - 11:03:56 | 200 |    726.3491ms |             ::1 | GET      "/api/maquinas/1/status-controle"
[GIN] 2026/06/24 - 11:04:00 | 200 |            0s |             ::1 | GET      "/api/cache"
[GIN] 2026/06/24 - 11:04:01 | 200 |    723.3949ms |             ::1 | GET      "/api/maquinas/1/status-controle"
[GIN] 2026/06/24 - 11:04:05 | 200 |            0s |             ::1 | GET      "/api/cache"
[GIN] 2026/06/24 - 11:04:06 | 200 |    732.8782ms |             ::1 | GET      "/api/maquinas/1/status-controle"
[GIN] 2026/06/24 - 11:04:10 | 200 |            0s |             ::1 | GET      "/api/cache"
[GIN] 2026/06/24 - 11:04:11 | 200 |    726.8947ms |             ::1 | GET      "/api/maquinas/1/status-controle"
[GIN] 2026/06/24 - 11:04:15 | 200 |            0s |             ::1 | GET      "/api/cache"
[GIN] 2026/06/24 - 11:04:16 | 200 |    726.2982ms |             ::1 | GET      "/api/maquinas/1/status-controle"
[GIN] 2026/06/24 - 11:04:20 | 200 |            0s |             ::1 | GET      "/api/cache"
[GIN] 2026/06/24 - 11:04:21 | 200 |    731.2445ms |             ::1 | GET      "/api/maquinas/1/status-controle"
[GIN] 2026/06/24 - 11:04:25 | 200 |            0s |             ::1 | GET      "/api/cache"
[GIN] 2026/06/24 - 11:04:26 | 200 |    725.7051ms |             ::1 | GET      "/api/maquinas/1/status-controle"
[GIN] 2026/06/24 - 11:04:30 | 200 |            0s |             ::1 | GET      "/api/cache"
[GIN] 2026/06/24 - 11:04:31 | 200 |    725.8927ms |             ::1 | GET      "/api/maquinas/1/status-controle"
[GIN] 2026/06/24 - 11:04:35 | 200 |            0s |             ::1 | GET      "/api/cache"
[GIN] 2026/06/24 - 11:04:36 | 200 |    724.4724ms |             ::1 | GET      "/api/maquinas/1/status-controle"
[GIN] 2026/06/24 - 11:04:40 | 200 |            0s |             ::1 | GET      "/api/cache"
[GIN] 2026/06/24 - 11:04:41 | 200 |    728.1143ms |             ::1 | GET      "/api/maquinas/1/status-controle"
[GIN] 2026/06/24 - 11:04:45 | 200 |            0s |             ::1 | GET      "/api/cache"
[GIN] 2026/06/24 - 11:04:46 | 200 |    728.9187ms |             ::1 | GET      "/api/maquinas/1/status-controle"
[GIN] 2026/06/24 - 11:04:50 | 200 |            0s |             ::1 | GET      "/api/cache"
[GIN] 2026/06/24 - 11:04:51 | 200 |    726.2966ms |             ::1 | GET      "/api/maquinas/1/status-controle"
[GIN] 2026/06/24 - 11:04:55 | 200 |            0s |             ::1 | GET      "/api/cache"
[GIN] 2026/06/24 - 11:04:56 | 200 |     728.399ms |             ::1 | GET      "/api/maquinas/1/status-controle"
[GIN] 2026/06/24 - 11:05:00 | 200 |      1.5558ms |             ::1 | GET      "/api/cache"
[GIN] 2026/06/24 - 11:05:01 | 200 |    722.5192ms |             ::1 | GET      "/api/maquinas/1/status-controle"
[GIN] 2026/06/24 - 11:05:05 | 200 |            0s |             ::1 | GET      "/api/cache"
[GIN] 2026/06/24 - 11:05:06 | 200 |    727.3273ms |             ::1 | GET      "/api/maquinas/1/status-controle"
[GIN] 2026/06/24 - 11:05:10 | 200 |            0s |             ::1 | GET      "/api/cache"
[GIN] 2026/06/24 - 11:05:11 | 200 |    724.6689ms |             ::1 | GET      "/api/maquinas/1/status-controle"
[GIN] 2026/06/24 - 11:05:16 | 200 |       506.6µs |             ::1 | GET      "/api/cache"
[GIN] 2026/06/24 - 11:05:17 | 200 |    725.3444ms |             ::1 | GET      "/api/maquinas/1/status-controle"
[GIN] 2026/06/24 - 11:05:21 | 200 |            0s |             ::1 | GET      "/api/cache"
[GIN] 2026/06/24 - 11:05:22 | 200 |    729.4536ms |             ::1 | GET      "/api/maquinas/1/status-controle"
[GIN] 2026/06/24 - 11:05:26 | 200 |            0s |             ::1 | GET      "/api/cache"
[GIN] 2026/06/24 - 11:05:27 | 200 |    740.7865ms |             ::1 | GET      "/api/maquinas/1/status-controle"
[GIN] 2026/06/24 - 11:05:31 | 200 |            0s |             ::1 | GET      "/api/cache"
[GIN] 2026/06/24 - 11:05:32 | 200 |    728.7373ms |             ::1 | GET      "/api/maquinas/1/status-controle"
[GIN] 2026/06/24 - 11:05:36 | 200 |            0s |             ::1 | GET      "/api/cache"
[GIN] 2026/06/24 - 11:05:37 | 200 |     726.784ms |             ::1 | GET      "/api/maquinas/1/status-controle"
[GIN] 2026/06/24 - 11:05:41 | 200 |            0s |             ::1 | GET      "/api/cache"
[GIN] 2026/06/24 - 11:05:42 | 200 |    730.2044ms |             ::1 | GET      "/api/maquinas/1/status-controle"
[GIN] 2026/06/24 - 11:05:46 | 200 |            0s |             ::1 | GET      "/api/cache"
[GIN] 2026/06/24 - 11:05:47 | 200 |    724.4243ms |             ::1 | GET      "/api/maquinas/1/status-controle"
